
> yanyu-cloud-deepstack@1.0.0 validate
> npm run type-check && npm run lint && npm run test


> yanyu-cloud-deepstack@1.0.0 type-check
> tsc --noEmit --project tsconfig.web-only.json

.next/types/cache-life.d 2.ts(4,12): error TS2300: Duplicate identifier 'unstable_cache'.
.next/types/cache-life.d 2.ts(6,5): error TS2300: Duplicate identifier 'revalidateTag'.
.next/types/cache-life.d 2.ts(7,5): error TS2300: Duplicate identifier 'revalidatePath'.
.next/types/cache-life.d 2.ts(8,5): error TS2300: Duplicate identifier 'unstable_expireTag'.
.next/types/cache-life.d 2.ts(9,5): error TS2300: Duplicate identifier 'unstable_expirePath'.
.next/types/cache-life.d 2.ts(11,12): error TS2300: Duplicate identifier 'unstable_noStore'.
.next/types/cache-life.d 2.ts(140,24): error TS2300: Duplicate identifier 'unstable_cacheTag'.
app/admin/environment-config/page.tsx(5,44): error TS2307: Cannot find module '@/components/admin/simplified-environment-dashboard' or its corresponding type declarations.
app/admin/environment-config/page.tsx(6,35): error TS2307: Cannot find module '@/components/ui/card' or its corresponding type declarations.
app/admin/environment-config/page.tsx(7,26): error TS2307: Cannot find module '@/components/ui/skeleton' or its corresponding type declarations.
app/admin/framework-analysis/page.tsx(1,40): error TS2307: Cannot find module '@/components/analysis/framework-analysis-dashboard' or its corresponding type declarations.
app/admin/model-management/page.tsx(1,36): error TS2307: Cannot find module '@/components/ai/enhanced-model-dashboard' or its corresponding type declarations.
app/admin/predictive-maintenance/page.tsx(1,44): error TS2307: Cannot find module '@/components/ai/predictive-maintenance-dashboard' or its corresponding type declarations.
app/analysis/code-review/page.tsx(3,41): error TS2307: Cannot find module '@/components/analysis/enhanced-code-review-panel' or its corresponding type declarations.
app/api/code-generation/route.ts(3,39): error TS2307: Cannot find module '@/lib/ai/enhanced-ollama-service' or its corresponding type declarations.
app/api/deepstack/generate/route.ts(3,34): error TS2307: Cannot find module '@/lib/ai/deepstack-service' or its corresponding type declarations.
app/code-sandbox/page.tsx(3,33): error TS2307: Cannot find module '@/components/code/code-sandbox-explorer' or its corresponding type declarations.
app/mobile/integrated-development/page.tsx(22,35): error TS2307: Cannot find module '@/components/mobile/mobile-ai-code-generator' or its corresponding type declarations.
app/mobile/integrated-development/page.tsx(23,36): error TS2307: Cannot find module '@/components/mobile/mobile-bottom-navigation' or its corresponding type declarations.
app/mobile/integrated-development/page.tsx(24,31): error TS2307: Cannot find module '@/components/mobile/mobile-code-sandbox' or its corresponding type declarations.
app/mobile/integrated-development/page.tsx(25,39): error TS2307: Cannot find module '@/components/mobile/mobile-collaborative-editor' or its corresponding type declarations.
app/mobile/integrated-development/page.tsx(26,34): error TS2307: Cannot find module '@/components/mobile/mobile-project-manager' or its corresponding type declarations.
app/mobile/integrated-development/page.tsx(27,29): error TS2307: Cannot find module '@/components/mobile/mobile-status-bar' or its corresponding type declarations.
app/mobile/integrated-development/page.tsx(28,24): error TS2307: Cannot find module '@/components/ui/button' or its corresponding type declarations.
app/mobile/integrated-development/page.tsx(29,58): error TS2307: Cannot find module '@/components/ui/card' or its corresponding type declarations.
app/mobile/integrated-development/page.tsx(30,28): error TS2307: Cannot find module '@/components/ui/scroll-area' or its corresponding type declarations.
app/mobile/integrated-development/page.tsx(31,27): error TS2307: Cannot find module '@/components/ui/separator' or its corresponding type declarations.
app/mobile/integrated-development/page.tsx(32,26): error TS2307: Cannot find module '@/lib/utils/client-toast' or its corresponding type declarations.
app/model-engine/page.tsx(5,24): error TS2307: Cannot find module '@/components/ui/button' or its corresponding type declarations.
app/model-engine/page.tsx(6,35): error TS2307: Cannot find module '@/components/ui/card' or its corresponding type declarations.
app/model-engine/page.tsx(7,23): error TS2307: Cannot find module '@/components/ui/input' or its corresponding type declarations.
app/model-engine/page.tsx(8,23): error TS2307: Cannot find module '@/components/ui/label' or its corresponding type declarations.
app/model-engine/page.tsx(9,26): error TS2307: Cannot find module '@/components/ui/progress' or its corresponding type declarations.
app/model-engine/page.tsx(10,79): error TS2307: Cannot find module '@/components/ui/select' or its corresponding type declarations.
app/model-engine/page.tsx(11,27): error TS2307: Cannot find module '@/components/ui/separator' or its corresponding type declarations.
app/model-engine/page.tsx(12,24): error TS2307: Cannot find module '@/components/ui/slider' or its corresponding type declarations.
app/model-engine/page.tsx(13,24): error TS2307: Cannot find module '@/components/ui/switch' or its corresponding type declarations.
app/model-engine/page.tsx(14,58): error TS2307: Cannot find module '@/components/ui/tabs' or its corresponding type declarations.
app/model-engine/page.tsx(15,26): error TS2307: Cannot find module '@/components/ui/textarea' or its corresponding type declarations.
app/model-engine/page.tsx(16,36): error TS2307: Cannot find module '@/lib/ai/model-management-center' or its corresponding type declarations.
app/model-engine/page.tsx(74,22): error TS7006: Parameter 'model' implicitly has an 'any' type.
app/model-engine/page.tsx(366,43): error TS7006: Parameter 'value' implicitly has an 'any' type.
app/model-engine/page.tsx(376,36): error TS7006: Parameter 'e' implicitly has an 'any' type.
app/model-engine/page.tsx(389,43): error TS7006: Parameter 'value' implicitly has an 'any' type.
app/model-engine/page.tsx(399,45): error TS7006: Parameter 'checked' implicitly has an 'any' type.
app/model-engine/page.tsx(411,32): error TS7006: Parameter 'e' implicitly has an 'any' type.
app/model-engine/page.tsx(422,34): error TS7006: Parameter 'e' implicitly has an 'any' type.
app/model-engine/page.tsx(485,41): error TS7006: Parameter 'model' implicitly has an 'any' type.
app/model-engine/page.tsx(517,26): error TS7006: Parameter 'model' implicitly has an 'any' type.
app/model-engine/page.tsx(531,34): error TS7006: Parameter 'model' implicitly has an 'any' type.
app/modules/ai-code-generation-with-preview/page.tsx(1,41): error TS2307: Cannot find module '@/components/modules/ai-code-generation-with-preview' or its corresponding type declarations.
app/modules/ai-code-generation-with-preview/page.tsx(8,10): error TS2307: Cannot find module '@/components/modules/ai-code-generation-with-preview' or its corresponding type declarations.
app/modules/ai-code-generation/page.tsx(1,38): error TS2307: Cannot find module '@/components/modules/enhanced-ai-code-generation' or its corresponding type declarations.
app/modules/code-preview/page.tsx(9,10): error TS2307: Cannot find module '@/components/modules/integrated-code-preview' or its corresponding type declarations.
app/modules/deepstack-generator/page.tsx(1,36): error TS2307: Cannot find module '@/components/ai/deepstack-code-generator' or its corresponding type declarations.
app/offline/page.tsx(7,27): error TS2307: Cannot find module '@/components/ui/brand-logo' or its corresponding type declarations.
app/offline/page.tsx(8,24): error TS2307: Cannot find module '@/components/ui/button' or its corresponding type declarations.
app/preview/integrated-development/page.tsx(7,33): error TS2307: Cannot find module '@/components/preview/collaborative-editor' or its corresponding type declarations.
app/preview/integrated-development/page.tsx(8,33): error TS2307: Cannot find module '@/components/preview/enhanced-code-sandbox' or its corresponding type declarations.
app/preview/integrated-development/page.tsx(9,37): error TS2307: Cannot find module '@/components/preview/integrated-code-generator' or its corresponding type declarations.
app/preview/integrated-development/page.tsx(10,37): error TS2307: Cannot find module '@/components/preview/project-integration-panel' or its corresponding type declarations.
app/preview/integrated-development/page.tsx(11,39): error TS2307: Cannot find module '@/components/preview/template-system-integration' or its corresponding type declarations.
app/preview/integrated-development/page.tsx(12,23): error TS2307: Cannot find module '@/components/ui/badge' or its corresponding type declarations.
app/preview/integrated-development/page.tsx(13,24): error TS2307: Cannot find module '@/components/ui/button' or its corresponding type declarations.
app/preview/integrated-development/page.tsx(14,75): error TS2307: Cannot find module '@/components/ui/card' or its corresponding type declarations.
app/preview/integrated-development/page.tsx(15,27): error TS2307: Cannot find module '@/components/ui/separator' or its corresponding type declarations.
app/preview/integrated-development/page.tsx(16,58): error TS2307: Cannot find module '@/components/ui/tabs' or its corresponding type declarations.
app/preview/integrated-development/page.tsx(17,26): error TS2307: Cannot find module '@/lib/utils/client-toast' or its corresponding type declarations.
app/templates/page.tsx(3,30): error TS2307: Cannot find module '@/components/templates/template-explorer' or its corresponding type declarations.
components/admin/environment-config-dashboard.tsx(21,23): error TS2307: Cannot find module '@/components/ui/badge' or its corresponding type declarations.
components/admin/environment-config-dashboard.tsx(22,24): error TS2307: Cannot find module '@/components/ui/button' or its corresponding type declarations.
components/admin/environment-config-dashboard.tsx(23,58): error TS2307: Cannot find module '@/components/ui/card' or its corresponding type declarations.
components/admin/environment-config-dashboard.tsx(24,26): error TS2307: Cannot find module '@/components/ui/progress' or its corresponding type declarations.
components/admin/environment-config-dashboard.tsx(25,58): error TS2307: Cannot find module '@/components/ui/tabs' or its corresponding type declarations.
components/admin/environment-config-dashboard.tsx(26,26): error TS2307: Cannot find module '@/hooks/use-toast' or its corresponding type declarations.
components/admin/environment-config-dashboard.tsx(27,38): error TS2307: Cannot find module '@/lib/config/environment-validator' or its corresponding type declarations.
components/admin/simplified-environment-dashboard.tsx(7,23): error TS2307: Cannot find module '@/components/ui/badge' or its corresponding type declarations.
components/admin/simplified-environment-dashboard.tsx(8,24): error TS2307: Cannot find module '@/components/ui/button' or its corresponding type declarations.
components/admin/simplified-environment-dashboard.tsx(9,58): error TS2307: Cannot find module '@/components/ui/card' or its corresponding type declarations.
components/admin/simplified-environment-dashboard.tsx(10,26): error TS2307: Cannot find module '@/components/ui/progress' or its corresponding type declarations.
components/admin/simplified-environment-dashboard.tsx(11,58): error TS2307: Cannot find module '@/components/ui/tabs' or its corresponding type declarations.
components/admin/simplified-environment-dashboard.tsx(12,26): error TS2307: Cannot find module '@/hooks/use-toast' or its corresponding type declarations.
components/ai/ai-enhanced-editor.tsx(18,28): error TS2307: Cannot find module '@/components/ui/brand-badge' or its corresponding type declarations.
components/ai/ai-enhanced-editor.tsx(19,29): error TS2307: Cannot find module '@/components/ui/brand-button' or its corresponding type declarations.
components/ai/ai-enhanced-editor.tsx(20,27): error TS2307: Cannot find module '@/components/ui/brand-card' or its corresponding type declarations.
components/ai/ai-enhanced-editor.tsx(21,26): error TS2307: Cannot find module '@/components/ui/monaco-editor' or its corresponding type declarations.
components/ai/ai-enhanced-editor.tsx(26,8): error TS2307: Cannot find module '@/lib/ai-service' or its corresponding type declarations.
components/ai/ai-enhanced-editor.tsx(494,79): error TS18046: 'metric' is of type 'unknown'.
components/ai/ai-enhanced-editor.tsx(496,32): error TS18046: 'metric' is of type 'unknown'.
components/ai/ai-enhanced-editor.tsx(502,52): error TS18046: 'metric' is of type 'unknown'.
components/ai/ai-enhanced-editor.tsx(505,33): error TS18046: 'metric' is of type 'unknown'.
components/ai/ai-enhanced-editor.tsx(507,37): error TS18046: 'metric' is of type 'unknown'.
components/ai/ai-enhanced-editor.tsx(525,48): error TS7006: Parameter 'issue' implicitly has an 'any' type.
components/ai/ai-enhanced-editor.tsx(525,55): error TS7006: Parameter 'index' implicitly has an 'any' type.
components/ai/ai-enhanced-editor.tsx(555,53): error TS7006: Parameter 'suggestion' implicitly has an 'any' type.
components/ai/ai-enhanced-editor.tsx(555,65): error TS7006: Parameter 'index' implicitly has an 'any' type.
components/ai/code-generation-settings.tsx(6,24): error TS2307: Cannot find module '@/components/ui/button' or its corresponding type declarations.
components/ai/code-generation-settings.tsx(7,23): error TS2307: Cannot find module '@/components/ui/label' or its corresponding type declarations.
components/ai/code-generation-settings.tsx(8,57): error TS2307: Cannot find module '@/components/ui/popover' or its corresponding type declarations.
components/ai/code-generation-settings.tsx(9,79): error TS2307: Cannot find module '@/components/ui/select' or its corresponding type declarations.
components/ai/code-generation-settings.tsx(10,24): error TS2307: Cannot find module '@/components/ui/slider' or its corresponding type declarations.
components/ai/code-generation-settings.tsx(11,24): error TS2307: Cannot find module '@/components/ui/switch' or its corresponding type declarations.
components/ai/code-generation-settings.tsx(12,74): error TS2307: Cannot find module '@/components/ui/tooltip' or its corresponding type declarations.
components/ai/code-generation-settings.tsx(13,44): error TS2307: Cannot find module '@/lib/ai/model-code-integration' or its corresponding type declarations.
components/ai/code-generation-settings.tsx(127,31): error TS7006: Parameter 'value' implicitly has an 'any' type.
components/ai/code-generation-settings.tsx(162,31): error TS7006: Parameter 'value' implicitly has an 'any' type.
components/ai/code-generation-settings.tsx(170,31): error TS7006: Parameter 'value' implicitly has an 'any' type.
components/ai/code-generation-settings.tsx(193,71): error TS7006: Parameter 'value' implicitly has an 'any' type.
components/ai/code-generation-settings.tsx(231,33): error TS7006: Parameter 'checked' implicitly has an 'any' type.
components/ai/code-preview.tsx(6,23): error TS2307: Cannot find module '@/components/ui/badge' or its corresponding type declarations.
components/ai/code-preview.tsx(7,24): error TS2307: Cannot find module '@/components/ui/button' or its corresponding type declarations.
components/ai/code-preview.tsx(8,26): error TS2307: Cannot find module '@/components/ui/monaco-editor' or its corresponding type declarations.
components/ai/code-preview.tsx(9,58): error TS2307: Cannot find module '@/components/ui/tabs' or its corresponding type declarations.
components/ai/code-preview.tsx(10,48): error TS2307: Cannot find module '@/lib/utils' or its corresponding type declarations.
components/ai/deepstack-code-generator.tsx(7,25): error TS2307: Cannot find module '@/components/ai/code-preview' or its corresponding type declarations.
components/ai/deepstack-code-generator.tsx(8,41): error TS2307: Cannot find module '@/components/ui/alert' or its corresponding type declarations.
components/ai/deepstack-code-generator.tsx(9,28): error TS2307: Cannot find module '@/components/ui/brand-badge' or its corresponding type declarations.
components/ai/deepstack-code-generator.tsx(10,29): error TS2307: Cannot find module '@/components/ui/brand-button' or its corresponding type declarations.
components/ai/deepstack-code-generator.tsx(11,27): error TS2307: Cannot find module '@/components/ui/brand-card' or its corresponding type declarations.
components/ai/deepstack-code-generator.tsx(12,28): error TS2307: Cannot find module '@/components/ui/scroll-area' or its corresponding type declarations.
components/ai/deepstack-code-generator.tsx(13,79): error TS2307: Cannot find module '@/components/ui/select' or its corresponding type declarations.
components/ai/deepstack-code-generator.tsx(14,58): error TS2307: Cannot find module '@/components/ui/tabs' or its corresponding type declarations.
components/ai/deepstack-code-generator.tsx(15,26): error TS2307: Cannot find module '@/components/ui/textarea' or its corresponding type declarations.
components/ai/deepstack-code-generator.tsx(16,33): error TS2307: Cannot find module '@/lib/ai/deepstack-config' or its corresponding type declarations.
components/ai/deepstack-code-generator.tsx(17,81): error TS2307: Cannot find module '@/lib/ai/deepstack-service' or its corresponding type declarations.
components/ai/deepstack-code-generator.tsx(240,66): error TS7006: Parameter 'lang' implicitly has an 'any' type.
components/ai/deepstack-code-generator.tsx(287,36): error TS7006: Parameter 'e' implicitly has an 'any' type.
components/ai/enhanced-model-dashboard.tsx(25,23): error TS2307: Cannot find module '@/components/ui/badge' or its corresponding type declarations.
components/ai/enhanced-model-dashboard.tsx(26,24): error TS2307: Cannot find module '@/components/ui/button' or its corresponding type declarations.
components/ai/enhanced-model-dashboard.tsx(33,8): error TS2307: Cannot find module '@/components/ui/card' or its corresponding type declarations.
components/ai/enhanced-model-dashboard.tsx(40,8): error TS2307: Cannot find module '@/components/ui/dialog' or its corresponding type declarations.
components/ai/enhanced-model-dashboard.tsx(41,23): error TS2307: Cannot find module '@/components/ui/input' or its corresponding type declarations.
components/ai/enhanced-model-dashboard.tsx(42,26): error TS2307: Cannot find module '@/components/ui/progress' or its corresponding type declarations.
components/ai/enhanced-model-dashboard.tsx(43,58): error TS2307: Cannot find module '@/components/ui/tabs' or its corresponding type declarations.
components/ai/enhanced-model-dashboard.tsx(49,8): error TS2307: Cannot find module '@/lib/ai/enhanced-ollama-service' or its corresponding type declarations.
components/ai/enhanced-model-dashboard.tsx(108,46): error TS2339: Property 'id' does not exist on type 'ExtendedEnhancedOllamaModel'.
components/ai/enhanced-model-dashboard.tsx(167,10): error TS7006: Parameter 'model' implicitly has an 'any' type.
components/ai/enhanced-model-dashboard.tsx(185,45): error TS7006: Parameter 'm' implicitly has an 'any' type.
components/ai/enhanced-model-dashboard.tsx(186,40): error TS7006: Parameter 'm' implicitly has an 'any' type.
components/ai/enhanced-model-dashboard.tsx(187,46): error TS7006: Parameter 'm' implicitly has an 'any' type.
components/ai/enhanced-model-dashboard.tsx(189,38): error TS7006: Parameter 'acc' implicitly has an 'any' type.
components/ai/enhanced-model-dashboard.tsx(189,43): error TS7006: Parameter 'model' implicitly has an 'any' type.
components/ai/enhanced-model-dashboard.tsx(237,55): error TS2339: Property 'status' does not exist on type 'ExtendedEnhancedOllamaModel'.
components/ai/enhanced-model-dashboard.tsx(240,46): error TS2339: Property 'status' does not exist on type 'ExtendedEnhancedOllamaModel'.
components/ai/enhanced-model-dashboard.tsx(243,55): error TS2339: Property 'type' does not exist on type 'ExtendedEnhancedOllamaModel'.
components/ai/enhanced-model-dashboard.tsx(245,55): error TS2339: Property 'type' does not exist on type 'ExtendedEnhancedOllamaModel'.
components/ai/enhanced-model-dashboard.tsx(247,55): error TS2339: Property 'type' does not exist on type 'ExtendedEnhancedOllamaModel'.
components/ai/enhanced-model-dashboard.tsx(255,13): error TS2339: Property 'name' does not exist on type 'ExtendedEnhancedOllamaModel'.
components/ai/enhanced-model-dashboard.tsx(256,13): error TS2339: Property 'id' does not exist on type 'ExtendedEnhancedOllamaModel'.
components/ai/enhanced-model-dashboard.tsx(263,34): error TS2339: Property 'type' does not exist on type 'ExtendedEnhancedOllamaModel'.
components/ai/enhanced-model-dashboard.tsx(270,35): error TS2339: Property 'status' does not exist on type 'ExtendedEnhancedOllamaModel'.
components/ai/enhanced-model-dashboard.tsx(277,39): error TS2339: Property 'parameters' does not exist on type 'ExtendedEnhancedOllamaModel'.
components/ai/enhanced-model-dashboard.tsx(284,41): error TS2339: Property 'quantization' does not exist on type 'ExtendedEnhancedOllamaModel'.
components/ai/enhanced-model-dashboard.tsx(484,26): error TS7006: Parameter 'e' implicitly has an 'any' type.
components/ai/enhanced-model-dashboard.tsx(497,23): error TS2339: Property 'parameters' does not exist on type 'ExtendedEnhancedOllamaModel'.
components/ai/enhanced-model-dashboard.tsx(498,29): error TS2339: Property 'parameters' does not exist on type 'ExtendedEnhancedOllamaModel'.
components/ai/enhanced-model-dashboard.tsx(498,52): error TS2339: Property 'parameters' does not exist on type 'ExtendedEnhancedOllamaModel'.
components/ai/enhanced-model-dashboard.tsx(504,23): error TS2339: Property 'quantization' does not exist on type 'ExtendedEnhancedOllamaModel'.
components/ai/enhanced-model-dashboard.tsx(505,29): error TS2339: Property 'quantization' does not exist on type 'ExtendedEnhancedOllamaModel'.
components/ai/enhanced-model-dashboard.tsx(505,54): error TS2339: Property 'quantization' does not exist on type 'ExtendedEnhancedOllamaModel'.
components/ai/enhanced-model-dashboard.tsx(518,41): error TS2339: Property 'status' does not exist on type 'ExtendedEnhancedOllamaModel'.
components/ai/enhanced-model-dashboard.tsx(523,73): error TS2339: Property 'status' does not exist on type 'ExtendedEnhancedOllamaModel'.
components/ai/enhanced-model-dashboard.tsx(529,41): error TS2339: Property 'type' does not exist on type 'ExtendedEnhancedOllamaModel'.
components/ai/enhanced-model-dashboard.tsx(532,41): error TS2339: Property 'type' does not exist on type 'ExtendedEnhancedOllamaModel'.
components/ai/enhanced-model-dashboard.tsx(535,42): error TS2339: Property 'type' does not exist on type 'ExtendedEnhancedOllamaModel'.
components/ai/enhanced-model-dashboard.tsx(544,28): error TS2339: Property 'id' does not exist on type 'ExtendedEnhancedOllamaModel'.
components/ai/enhanced-model-dashboard.tsx(550,42): error TS2339: Property 'type' does not exist on type 'ExtendedEnhancedOllamaModel'.
components/ai/enhanced-model-dashboard.tsx(551,61): error TS2339: Property 'name' does not exist on type 'ExtendedEnhancedOllamaModel'.
components/ai/enhanced-model-dashboard.tsx(554,44): error TS2339: Property 'status' does not exist on type 'ExtendedEnhancedOllamaModel'.
components/ai/enhanced-model-dashboard.tsx(556,46): error TS2339: Property 'status' does not exist on type 'ExtendedEnhancedOllamaModel'.
components/ai/enhanced-model-dashboard.tsx(569,65): error TS2339: Property 'type' does not exist on type 'ExtendedEnhancedOllamaModel'.
components/ai/enhanced-model-dashboard.tsx(573,53): error TS2339: Property 'parameters' does not exist on type 'ExtendedEnhancedOllamaModel'.
components/ai/enhanced-model-dashboard.tsx(577,53): error TS2339: Property 'quantization' does not exist on type 'ExtendedEnhancedOllamaModel'.
components/ai/enhanced-model-dashboard.tsx(581,68): error TS2339: Property 'size' does not exist on type 'ExtendedEnhancedOllamaModel'.
components/ai/enhanced-model-dashboard.tsx(586,26): error TS2339: Property 'status' does not exist on type 'ExtendedEnhancedOllamaModel'.
components/ai/enhanced-model-dashboard.tsx(611,30): error TS2339: Property 'status' does not exist on type 'ExtendedEnhancedOllamaModel'.
components/ai/enhanced-model-dashboard.tsx(615,65): error TS2339: Property 'id' does not exist on type 'ExtendedEnhancedOllamaModel'.
components/ai/enhanced-model-dashboard.tsx(623,30): error TS2339: Property 'status' does not exist on type 'ExtendedEnhancedOllamaModel'.
components/ai/enhanced-model-dashboard.tsx(627,63): error TS2339: Property 'id' does not exist on type 'ExtendedEnhancedOllamaModel'.
components/ai/enhanced-model-dashboard.tsx(633,30): error TS2339: Property 'status' does not exist on type 'ExtendedEnhancedOllamaModel'.
components/ai/enhanced-model-dashboard.tsx(637,61): error TS2339: Property 'id' does not exist on type 'ExtendedEnhancedOllamaModel'.
components/ai/enhanced-model-dashboard.tsx(680,46): error TS2339: Property 'status' does not exist on type 'ExtendedEnhancedOllamaModel'.
components/ai/model-benchmark.tsx(7,24): error TS2307: Cannot find module '@/components/ui/button' or its corresponding type declarations.
components/ai/model-benchmark.tsx(8,87): error TS2307: Cannot find module '@/components/ui/card' or its corresponding type declarations.
components/ai/model-benchmark.tsx(9,26): error TS2307: Cannot find module '@/components/ui/progress' or its corresponding type declarations.
components/ai/model-benchmark.tsx(10,58): error TS2307: Cannot find module '@/components/ui/tabs' or its corresponding type declarations.
components/ai/model-benchmark.tsx(11,65): error TS2307: Cannot find module '@/lib/ai/enhanced-ollama-service' or its corresponding type declarations.
components/ai/model-benchmark.tsx(12,32): error TS2307: Cannot find module '@/lib/utils' or its corresponding type declarations.
components/ai/model-benchmark.tsx(82,70): error TS7006: Parameter 'm' implicitly has an 'any' type.
components/ai/model-management-dashboard.tsx(6,23): error TS2307: Cannot find module '@/components/ui/badge' or its corresponding type declarations.
components/ai/model-management-dashboard.tsx(7,24): error TS2307: Cannot find module '@/components/ui/button' or its corresponding type declarations.
components/ai/model-management-dashboard.tsx(8,87): error TS2307: Cannot find module '@/components/ui/card' or its corresponding type declarations.
components/ai/model-management-dashboard.tsx(9,26): error TS2307: Cannot find module '@/components/ui/progress' or its corresponding type declarations.
components/ai/model-management-dashboard.tsx(10,58): error TS2307: Cannot find module '@/components/ui/tabs' or its corresponding type declarations.
components/ai/model-management-dashboard.tsx(11,36): error TS2307: Cannot find module '@/lib/ai/model-management-center' or its corresponding type declarations.
components/ai/model-management-dashboard.tsx(12,29): error TS2307: Cannot find module '@/lib/utils' or its corresponding type declarations.
components/ai/model-management-dashboard.tsx(50,31): error TS7006: Parameter 'model' implicitly has an 'any' type.
components/ai/model-management-dashboard.tsx(119,8): error TS7006: Parameter 'task' implicitly has an 'any' type.
components/ai/model-management-dashboard.tsx(216,41): error TS7006: Parameter 'model' implicitly has an 'any' type.
components/ai/model-preview-modal.tsx(6,23): error TS2307: Cannot find module '@/components/ui/badge' or its corresponding type declarations.
components/ai/model-preview-modal.tsx(7,24): error TS2307: Cannot find module '@/components/ui/button' or its corresponding type declarations.
components/ai/model-preview-modal.tsx(15,8): error TS2307: Cannot find module '@/components/ui/dialog' or its corresponding type declarations.
components/ai/model-preview-modal.tsx(16,24): error TS2307: Cannot find module '@/components/ui/slider' or its corresponding type declarations.
components/ai/model-preview-modal.tsx(17,58): error TS2307: Cannot find module '@/components/ui/tabs' or its corresponding type declarations.
components/ai/model-preview-modal.tsx(18,26): error TS2307: Cannot find module '@/components/ui/textarea' or its corresponding type declarations.
components/ai/model-preview-modal.tsx(19,65): error TS2307: Cannot find module '@/lib/ai/enhanced-ollama-service' or its corresponding type declarations.
components/ai/model-preview-modal.tsx(20,32): error TS2307: Cannot find module '@/lib/utils' or its corresponding type declarations.
components/ai/model-preview-modal.tsx(147,53): error TS7006: Parameter 'open' implicitly has an 'any' type.
components/ai/model-preview-modal.tsx(200,32): error TS7006: Parameter 'e' implicitly has an 'any' type.
components/ai/model-preview-modal.tsx(257,32): error TS7006: Parameter 'e' implicitly has an 'any' type.
components/ai/model-preview-modal.tsx(306,39): error TS7006: Parameter 'value' implicitly has an 'any' type.
components/ai/model-preview-modal.tsx(325,39): error TS7006: Parameter 'value' implicitly has an 'any' type.
components/ai/model-search-filters.tsx(7,23): error TS2307: Cannot find module '@/components/ui/badge' or its corresponding type declarations.
components/ai/model-search-filters.tsx(8,24): error TS2307: Cannot find module '@/components/ui/button' or its corresponding type declarations.
components/ai/model-search-filters.tsx(9,26): error TS2307: Cannot find module '@/components/ui/checkbox' or its corresponding type declarations.
components/ai/model-search-filters.tsx(18,8): error TS2307: Cannot find module '@/components/ui/dropdown-menu' or its corresponding type declarations.
components/ai/model-search-filters.tsx(19,23): error TS2307: Cannot find module '@/components/ui/input' or its corresponding type declarations.
components/ai/model-search-filters.tsx(20,57): error TS2307: Cannot find module '@/components/ui/popover' or its corresponding type declarations.
components/ai/model-search-filters.tsx(21,32): error TS2307: Cannot find module '@/lib/ai/enhanced-ollama-service' or its corresponding type declarations.
components/ai/model-selector.tsx(6,23): error TS2307: Cannot find module '@/components/ui/badge' or its corresponding type declarations.
components/ai/model-selector.tsx(7,24): error TS2307: Cannot find module '@/components/ui/button' or its corresponding type declarations.
components/ai/model-selector.tsx(8,93): error TS2307: Cannot find module '@/components/ui/command' or its corresponding type declarations.
components/ai/model-selector.tsx(9,57): error TS2307: Cannot find module '@/components/ui/popover' or its corresponding type declarations.
components/ai/model-selector.tsx(10,41): error TS2307: Cannot find module '@/lib/ai/model-code-integration' or its corresponding type declarations.
components/ai/model-selector.tsx(11,20): error TS2307: Cannot find module '@/lib/utils' or its corresponding type declarations.
components/ai/model-selector.tsx(31,47): error TS7006: Parameter 'model' implicitly has an 'any' type.
components/ai/model-selector.tsx(95,41): error TS7006: Parameter 'model' implicitly has an 'any' type.
components/ai/ModelEngineDashboardPanel.tsx(4,24): error TS2307: Cannot find module '@/components/ui/button' or its corresponding type declarations.
components/ai/ModelEngineDashboardPanel.tsx(5,26): error TS2307: Cannot find module '@/components/ui/progress' or its corresponding type declarations.
components/ai/multimodal-ai-dashboard.tsx(18,41): error TS2307: Cannot find module '@/components/ui/alert' or its corresponding type declarations.
components/ai/multimodal-ai-dashboard.tsx(19,23): error TS2307: Cannot find module '@/components/ui/badge' or its corresponding type declarations.
components/ai/multimodal-ai-dashboard.tsx(20,24): error TS2307: Cannot find module '@/components/ui/button' or its corresponding type declarations.
components/ai/multimodal-ai-dashboard.tsx(27,8): error TS2307: Cannot find module '@/components/ui/card' or its corresponding type declarations.
components/ai/multimodal-ai-dashboard.tsx(28,26): error TS2307: Cannot find module '@/components/ui/progress' or its corresponding type declarations.
components/ai/multimodal-ai-dashboard.tsx(29,58): error TS2307: Cannot find module '@/components/ui/tabs' or its corresponding type declarations.
components/ai/multimodal-ai-dashboard.tsx(30,26): error TS2307: Cannot find module '@/components/ui/textarea' or its corresponding type declarations.
components/ai/multimodal-ai-dashboard.tsx(31,37): error TS2307: Cannot find module '@/lib/ai/multimodal-ai-service' or its corresponding type declarations.
components/ai/multimodal-ai-dashboard.tsx(332,30): error TS7006: Parameter 'e' implicitly has an 'any' type.
components/ai/predictive-maintenance-dashboard.tsx(19,41): error TS2307: Cannot find module '@/components/ui/alert' or its corresponding type declarations.
components/ai/predictive-maintenance-dashboard.tsx(20,23): error TS2307: Cannot find module '@/components/ui/badge' or its corresponding type declarations.
components/ai/predictive-maintenance-dashboard.tsx(21,24): error TS2307: Cannot find module '@/components/ui/button' or its corresponding type declarations.
components/ai/predictive-maintenance-dashboard.tsx(22,75): error TS2307: Cannot find module '@/components/ui/card' or its corresponding type declarations.
components/ai/predictive-maintenance-dashboard.tsx(23,26): error TS2307: Cannot find module '@/components/ui/progress' or its corresponding type declarations.
components/ai/predictive-maintenance-dashboard.tsx(24,58): error TS2307: Cannot find module '@/components/ui/tabs' or its corresponding type declarations.
components/ai/predictive-maintenance-dashboard.tsx(31,8): error TS2307: Cannot find module '@/lib/ai/predictive-maintenance' or its corresponding type declarations.
components/ai/predictive-maintenance-dashboard.tsx(61,25): error TS7006: Parameter 'metric' implicitly has an 'any' type.
components/analysis/code-review-panel.tsx(17,23): error TS2307: Cannot find module '@/components/ui/badge' or its corresponding type declarations.
components/analysis/code-review-panel.tsx(18,24): error TS2307: Cannot find module '@/components/ui/button' or its corresponding type declarations.
components/analysis/code-review-panel.tsx(19,58): error TS2307: Cannot find module '@/components/ui/card' or its corresponding type declarations.
components/analysis/code-review-panel.tsx(20,26): error TS2307: Cannot find module '@/components/ui/progress' or its corresponding type declarations.
components/analysis/code-review-panel.tsx(21,58): error TS2307: Cannot find module '@/components/ui/tabs' or its corresponding type declarations.
components/analysis/code-review-panel.tsx(22,20): error TS2307: Cannot find module '@/lib/utils' or its corresponding type declarations.
components/analysis/enhanced-code-review-panel.tsx(24,41): error TS2307: Cannot find module '@/components/ui/alert' or its corresponding type declarations.
components/analysis/enhanced-code-review-panel.tsx(25,23): error TS2307: Cannot find module '@/components/ui/badge' or its corresponding type declarations.
components/analysis/enhanced-code-review-panel.tsx(26,24): error TS2307: Cannot find module '@/components/ui/button' or its corresponding type declarations.
components/analysis/enhanced-code-review-panel.tsx(27,58): error TS2307: Cannot find module '@/components/ui/card' or its corresponding type declarations.
components/analysis/enhanced-code-review-panel.tsx(28,29): error TS2307: Cannot find module '@/components/ui/monaco-editor' or its corresponding type declarations.
components/analysis/enhanced-code-review-panel.tsx(29,26): error TS2307: Cannot find module '@/components/ui/progress' or its corresponding type declarations.
components/analysis/enhanced-code-review-panel.tsx(30,28): error TS2307: Cannot find module '@/components/ui/scroll-area' or its corresponding type declarations.
components/analysis/enhanced-code-review-panel.tsx(31,27): error TS2307: Cannot find module '@/components/ui/separator' or its corresponding type declarations.
components/analysis/enhanced-code-review-panel.tsx(32,58): error TS2307: Cannot find module '@/components/ui/tabs' or its corresponding type declarations.
components/analysis/enhanced-code-review-panel.tsx(33,26): error TS2307: Cannot find module '@/lib/utils/client-toast' or its corresponding type declarations.
components/analysis/enhanced-code-review-panel.tsx(284,28): error TS7006: Parameter 'value' implicitly has an 'any' type.
components/analysis/framework-analysis-dashboard.tsx(18,23): error TS2307: Cannot find module '@/components/ui/badge' or its corresponding type declarations.
components/analysis/framework-analysis-dashboard.tsx(19,24): error TS2307: Cannot find module '@/components/ui/button' or its corresponding type declarations.
components/analysis/framework-analysis-dashboard.tsx(20,75): error TS2307: Cannot find module '@/components/ui/card' or its corresponding type declarations.
components/analysis/framework-analysis-dashboard.tsx(21,26): error TS2307: Cannot find module '@/components/ui/progress' or its corresponding type declarations.
components/analysis/framework-analysis-dashboard.tsx(22,58): error TS2307: Cannot find module '@/components/ui/tabs' or its corresponding type declarations.
components/analysis/framework-analysis-dashboard.tsx(23,81): error TS2307: Cannot find module '@/lib/analysis/framework-analyzer' or its corresponding type declarations.
components/analysis/framework-analysis-dashboard.tsx(159,38): error TS7006: Parameter 'module' implicitly has an 'any' type.
components/analysis/framework-analysis-dashboard.tsx(369,46): error TS7006: Parameter 'recommendation' implicitly has an 'any' type.
components/analysis/framework-analysis-dashboard.tsx(369,62): error TS7006: Parameter 'index' implicitly has an 'any' type.
components/analysis/intelligent-code-analysis.tsx(19,23): error TS2307: Cannot find module '@/components/ui/badge' or its corresponding type declarations.
components/analysis/intelligent-code-analysis.tsx(20,24): error TS2307: Cannot find module '@/components/ui/button' or its corresponding type declarations.
components/analysis/intelligent-code-analysis.tsx(21,58): error TS2307: Cannot find module '@/components/ui/card' or its corresponding type declarations.
components/analysis/intelligent-code-analysis.tsx(22,26): error TS2307: Cannot find module '@/components/ui/progress' or its corresponding type declarations.
components/analysis/intelligent-code-analysis.tsx(23,58): error TS2307: Cannot find module '@/components/ui/tabs' or its corresponding type declarations.
components/analysis/intelligent-code-analysis.tsx(24,20): error TS2307: Cannot find module '@/lib/utils' or its corresponding type declarations.
components/auth/login-modal.tsx(10,29): error TS2307: Cannot find module '@/components/ui/brand-button' or its corresponding type declarations.
components/auth/login-modal.tsx(11,27): error TS2307: Cannot find module '@/components/ui/brand-card' or its corresponding type declarations.
components/auth/login-modal.tsx(12,27): error TS2307: Cannot find module '@/components/ui/brand-logo' or its corresponding type declarations.
components/code/code-sandbox-explorer.tsx(6,24): error TS2307: Cannot find module '@/components/ui/button' or its corresponding type declarations.
components/code/code-sandbox-explorer.tsx(7,70): error TS2307: Cannot find module '@/components/ui/card' or its corresponding type declarations.
components/code/code-sandbox-explorer.tsx(8,23): error TS2307: Cannot find module '@/components/ui/label' or its corresponding type declarations.
components/code/code-sandbox-explorer.tsx(9,26): error TS2307: Cannot find module '@/components/ui/monaco-editor' or its corresponding type declarations.
components/code/code-sandbox-explorer.tsx(10,79): error TS2307: Cannot find module '@/components/ui/select' or its corresponding type declarations.
components/code/code-sandbox-explorer.tsx(11,24): error TS2307: Cannot find module '@/components/ui/switch' or its corresponding type declarations.
components/code/code-sandbox-explorer.tsx(12,58): error TS2307: Cannot find module '@/components/ui/tabs' or its corresponding type declarations.
components/code/code-sandbox-explorer.tsx(13,26): error TS2307: Cannot find module '@/hooks/use-toast' or its corresponding type declarations.
components/code/code-sandbox-explorer.tsx(14,75): error TS2307: Cannot find module '@/lib/code/code-sandbox' or its corresponding type declarations.
components/code/code-sandbox-explorer.tsx(215,54): error TS7006: Parameter 'value' implicitly has an 'any' type.
components/code/code-sandbox-explorer.tsx(303,44): error TS7006: Parameter 'line' implicitly has an 'any' type.
components/code/code-sandbox-explorer.tsx(303,50): error TS7006: Parameter 'index' implicitly has an 'any' type.
components/code/code-sandbox-explorer.tsx(343,70): error TS7006: Parameter 'value' implicitly has an 'any' type.
components/data-intelligence/data-platform-dashboard.tsx(27,28): error TS2307: Cannot find module '@/components/ui/brand-badge' or its corresponding type declarations.
components/data-intelligence/data-platform-dashboard.tsx(28,29): error TS2307: Cannot find module '@/components/ui/brand-button' or its corresponding type declarations.
components/data-intelligence/data-platform-dashboard.tsx(29,27): error TS2307: Cannot find module '@/components/ui/brand-card' or its corresponding type declarations.
components/data-intelligence/data-platform-dashboard.tsx(30,31): error TS2307: Cannot find module '@/lib/ai/ollama-service' or its corresponding type declarations.
components/data-intelligence/data-platform-dashboard.tsx(31,33): error TS2307: Cannot find module '@/lib/data/data-lake' or its corresponding type declarations.
components/data-intelligence/data-platform-dashboard.tsx(32,33): error TS2307: Cannot find module '@/lib/data/stream-processor' or its corresponding type declarations.
components/deployment/automated-deployment-manager.tsx(23,23): error TS2307: Cannot find module '@/components/ui/badge' or its corresponding type declarations.
components/deployment/automated-deployment-manager.tsx(24,24): error TS2307: Cannot find module '@/components/ui/button' or its corresponding type declarations.
components/deployment/automated-deployment-manager.tsx(25,58): error TS2307: Cannot find module '@/components/ui/card' or its corresponding type declarations.
components/deployment/automated-deployment-manager.tsx(26,26): error TS2307: Cannot find module '@/components/ui/progress' or its corresponding type declarations.
components/deployment/automated-deployment-manager.tsx(27,79): error TS2307: Cannot find module '@/components/ui/select' or its corresponding type declarations.
components/deployment/automated-deployment-manager.tsx(28,58): error TS2307: Cannot find module '@/components/ui/tabs' or its corresponding type declarations.
components/deployment/automated-deployment-manager.tsx(29,20): error TS2307: Cannot find module '@/lib/utils' or its corresponding type declarations.
components/deployment/deployment-manager.tsx(22,28): error TS2307: Cannot find module '@/components/ui/brand-badge' or its corresponding type declarations.
components/deployment/deployment-manager.tsx(23,29): error TS2307: Cannot find module '@/components/ui/brand-button' or its corresponding type declarations.
components/deployment/deployment-manager.tsx(24,27): error TS2307: Cannot find module '@/components/ui/brand-card' or its corresponding type declarations.
components/deployment/deployment-manager.tsx(25,33): error TS2307: Cannot find module '@/lib/project-store' or its corresponding type declarations.
components/deployment/deployment-manager.tsx(385,62): error TS7006: Parameter 'environment' implicitly has an 'any' type.
components/deployment/deployment-manager.tsx(516,38): error TS7006: Parameter 'env' implicitly has an 'any' type.
components/deployment/deployment-manager.tsx(699,68): error TS7006: Parameter 'webhook' implicitly has an 'any' type.
components/deployment/deployment-manager.tsx(885,62): error TS7006: Parameter 'environment' implicitly has an 'any' type.
components/deployment/enhanced-deployment-manager.tsx(30,41): error TS2307: Cannot find module '@/components/ui/alert' or its corresponding type declarations.
components/deployment/enhanced-deployment-manager.tsx(31,23): error TS2307: Cannot find module '@/components/ui/badge' or its corresponding type declarations.
components/deployment/enhanced-deployment-manager.tsx(32,24): error TS2307: Cannot find module '@/components/ui/button' or its corresponding type declarations.
components/deployment/enhanced-deployment-manager.tsx(33,58): error TS2307: Cannot find module '@/components/ui/card' or its corresponding type declarations.
components/deployment/enhanced-deployment-manager.tsx(34,26): error TS2307: Cannot find module '@/components/ui/progress' or its corresponding type declarations.
components/deployment/enhanced-deployment-manager.tsx(35,28): error TS2307: Cannot find module '@/components/ui/scroll-area' or its corresponding type declarations.
components/deployment/enhanced-deployment-manager.tsx(36,27): error TS2307: Cannot find module '@/components/ui/separator' or its corresponding type declarations.
components/deployment/enhanced-deployment-manager.tsx(37,58): error TS2307: Cannot find module '@/components/ui/tabs' or its corresponding type declarations.
components/deployment/enhanced-deployment-manager.tsx(38,26): error TS2307: Cannot find module '@/lib/utils/client-toast' or its corresponding type declarations.
components/enterprise/hybrid-cloud-dashboard.tsx(6,23): error TS2307: Cannot find module '@/components/ui/badge' or its corresponding type declarations.
components/enterprise/hybrid-cloud-dashboard.tsx(7,24): error TS2307: Cannot find module '@/components/ui/button' or its corresponding type declarations.
components/enterprise/hybrid-cloud-dashboard.tsx(8,75): error TS2307: Cannot find module '@/components/ui/card' or its corresponding type declarations.
components/enterprise/hybrid-cloud-dashboard.tsx(9,26): error TS2307: Cannot find module '@/components/ui/progress' or its corresponding type declarations.
components/enterprise/hybrid-cloud-dashboard.tsx(10,58): error TS2307: Cannot find module '@/components/ui/tabs' or its corresponding type declarations.
components/enterprise/hybrid-cloud-dashboard.tsx(11,38): error TS2307: Cannot find module '@/lib/enterprise/aliyun-service-manager' or its corresponding type declarations.
components/enterprise/hybrid-cloud-dashboard.tsx(12,42): error TS2307: Cannot find module '@/lib/enterprise/enterprise-support-service' or its corresponding type declarations.
components/enterprise/hybrid-cloud-dashboard.tsx(13,36): error TS2307: Cannot find module '@/lib/enterprise/local-server-manager' or its corresponding type declarations.
components/enterprise/hybrid-cloud-dashboard.tsx(14,36): error TS2307: Cannot find module '@/lib/enterprise/multi-tenant-manager' or its corresponding type declarations.
components/layout/main-content.tsx(5,30): error TS2307: Cannot find module '@/components/modules/ai-code-generation' or its corresponding type declarations.
components/layout/main-content.tsx(6,28): error TS2307: Cannot find module '@/components/modules/app-development' or its corresponding type declarations.
components/layout/main-content.tsx(7,34): error TS2307: Cannot find module '@/components/modules/automation-production' or its corresponding type declarations.
components/layout/main-content.tsx(8,34): error TS2307: Cannot find module '@/components/modules/deployment-management' or its corresponding type declarations.
components/layout/main-content.tsx(9,27): error TS2307: Cannot find module '@/components/modules/documentation' or its corresponding type declarations.
components/layout/main-content.tsx(10,24): error TS2307: Cannot find module '@/components/modules/file-review' or its corresponding type declarations.
components/layout/main-content.tsx(11,30): error TS2307: Cannot find module '@/components/modules/local-model-engine' or its corresponding type declarations.
components/layout/main-content.tsx(12,29): error TS2307: Cannot find module '@/components/modules/real-time-preview' or its corresponding type declarations.
components/layout/main-content.tsx(13,27): error TS2307: Cannot find module '@/components/modules/score-analysis' or its corresponding type declarations.
components/layout/main-content.tsx(14,48): error TS2307: Cannot find module '@/types/modules' or its corresponding type declarations.
components/layout/main-content.tsx(65,44): error TS7006: Parameter 'm' implicitly has an 'any' type.
components/layout/mobile-navigation.tsx(8,29): error TS2307: Cannot find module '@/components/ui/brand-button' or its corresponding type declarations.
components/layout/mobile-navigation.tsx(9,27): error TS2307: Cannot find module '@/components/ui/brand-logo' or its corresponding type declarations.
components/layout/mobile-navigation.tsx(10,48): error TS2307: Cannot find module '@/types/modules' or its corresponding type declarations.
components/layout/mobile-navigation.tsx(125,37): error TS7006: Parameter 'module' implicitly has an 'any' type.
components/layout/mobile-navigation.tsx(125,45): error TS7006: Parameter 'index' implicitly has an 'any' type.
components/layout/right-panel-new.tsx(24,28): error TS2307: Cannot find module '@/components/ui/brand-badge' or its corresponding type declarations.
components/layout/right-panel-new.tsx(25,29): error TS2307: Cannot find module '@/components/ui/brand-button' or its corresponding type declarations.
components/layout/right-panel-new.tsx(26,27): error TS2307: Cannot find module '@/components/ui/brand-card' or its corresponding type declarations.
components/layout/right-panel.tsx(24,28): error TS2307: Cannot find module '@/components/ui/brand-badge' or its corresponding type declarations.
components/layout/right-panel.tsx(25,29): error TS2307: Cannot find module '@/components/ui/brand-button' or its corresponding type declarations.
components/layout/right-panel.tsx(26,27): error TS2307: Cannot find module '@/components/ui/brand-card' or its corresponding type declarations.
components/layout/sidebar.tsx(6,27): error TS2307: Cannot find module '@/components/ui/brand-card' or its corresponding type declarations.
components/layout/sidebar.tsx(7,27): error TS2307: Cannot find module '@/components/ui/brand-logo' or its corresponding type declarations.
components/layout/sidebar.tsx(8,48): error TS2307: Cannot find module '@/types/modules' or its corresponding type declarations.
components/layout/sidebar.tsx(43,29): error TS7006: Parameter 'module' implicitly has an 'any' type.
components/layout/sidebar.tsx(43,37): error TS7006: Parameter 'index' implicitly has an 'any' type.
components/layout/top-bar.tsx(15,25): error TS2307: Cannot find module '@/components/auth/auth-provider' or its corresponding type declarations.
components/layout/top-bar.tsx(16,29): error TS2307: Cannot find module '@/components/ui/brand-button' or its corresponding type declarations.
components/layout/top-bar.tsx(17,27): error TS2307: Cannot find module '@/components/ui/brand-card' or its corresponding type declarations.
components/microservices/service-dashboard.tsx(6,23): error TS2307: Cannot find module '@/components/ui/badge' or its corresponding type declarations.
components/microservices/service-dashboard.tsx(7,24): error TS2307: Cannot find module '@/components/ui/button' or its corresponding type declarations.
components/microservices/service-dashboard.tsx(8,58): error TS2307: Cannot find module '@/components/ui/card' or its corresponding type declarations.
components/microservices/service-dashboard.tsx(9,26): error TS2307: Cannot find module '@/components/ui/progress' or its corresponding type declarations.
components/microservices/service-dashboard.tsx(10,58): error TS2307: Cannot find module '@/components/ui/tabs' or its corresponding type declarations.
components/microservices/service-dashboard.tsx(11,28): error TS2307: Cannot find module '@/lib/microservices/api-gateway' or its corresponding type declarations.
components/microservices/service-dashboard.tsx(12,36): error TS2307: Cannot find module '@/lib/microservices/distributed-tracing' or its corresponding type declarations.
components/microservices/service-dashboard.tsx(13,33): error TS2307: Cannot find module '@/lib/microservices/service-registry' or its corresponding type declarations.
components/microservices/service-dashboard.tsx(32,65): error TS2345: Argument of type '([name, instances]: [any, any]) => { name: any; instances: any; health: any; }' is not assignable to parameter of type '(value: unknown, index: number, array: unknown[]) => { name: any; instances: any; health: any; }'.
  Types of parameters '__0' and 'value' are incompatible.
    Type 'unknown' is not assignable to type '[any, any]'.
components/mobile/mobile-ai-code-generator.tsx(7,23): error TS2307: Cannot find module '@/components/ui/badge' or its corresponding type declarations.
components/mobile/mobile-ai-code-generator.tsx(8,24): error TS2307: Cannot find module '@/components/ui/button' or its corresponding type declarations.
components/mobile/mobile-ai-code-generator.tsx(9,35): error TS2307: Cannot find module '@/components/ui/card' or its corresponding type declarations.
components/mobile/mobile-ai-code-generator.tsx(10,28): error TS2307: Cannot find module '@/components/ui/scroll-area' or its corresponding type declarations.
components/mobile/mobile-ai-code-generator.tsx(11,79): error TS2307: Cannot find module '@/components/ui/select' or its corresponding type declarations.
components/mobile/mobile-ai-code-generator.tsx(12,58): error TS2307: Cannot find module '@/components/ui/tabs' or its corresponding type declarations.
components/mobile/mobile-ai-code-generator.tsx(13,26): error TS2307: Cannot find module '@/components/ui/textarea' or its corresponding type declarations.
components/mobile/mobile-ai-code-generator.tsx(14,26): error TS2307: Cannot find module '@/hooks/use-toast' or its corresponding type declarations.
components/mobile/mobile-ai-code-generator.tsx(289,32): error TS7006: Parameter 'e' implicitly has an 'any' type.
components/mobile/mobile-bottom-navigation.tsx(5,23): error TS2307: Cannot find module '@/components/ui/badge' or its corresponding type declarations.
components/mobile/mobile-bottom-navigation.tsx(6,24): error TS2307: Cannot find module '@/components/ui/button' or its corresponding type declarations.
components/mobile/mobile-code-sandbox.tsx(22,23): error TS2307: Cannot find module '@/components/ui/badge' or its corresponding type declarations.
components/mobile/mobile-code-sandbox.tsx(23,24): error TS2307: Cannot find module '@/components/ui/button' or its corresponding type declarations.
components/mobile/mobile-code-sandbox.tsx(24,58): error TS2307: Cannot find module '@/components/ui/card' or its corresponding type declarations.
components/mobile/mobile-code-sandbox.tsx(25,28): error TS2307: Cannot find module '@/components/ui/scroll-area' or its corresponding type declarations.
components/mobile/mobile-code-sandbox.tsx(26,79): error TS2307: Cannot find module '@/components/ui/select' or its corresponding type declarations.
components/mobile/mobile-code-sandbox.tsx(27,24): error TS2307: Cannot find module '@/components/ui/switch' or its corresponding type declarations.
components/mobile/mobile-code-sandbox.tsx(28,58): error TS2307: Cannot find module '@/components/ui/tabs' or its corresponding type declarations.
components/mobile/mobile-code-sandbox.tsx(29,26): error TS2307: Cannot find module '@/components/ui/textarea' or its corresponding type declarations.
components/mobile/mobile-code-sandbox.tsx(30,26): error TS2307: Cannot find module '@/hooks/use-toast' or its corresponding type declarations.
components/mobile/mobile-code-sandbox.tsx(388,37): error TS7006: Parameter 'e' implicitly has an 'any' type.
components/mobile/mobile-code-sandbox.tsx(428,32): error TS7006: Parameter 'e' implicitly has an 'any' type.
components/mobile/mobile-code-sandbox.tsx(516,76): error TS7006: Parameter 'value' implicitly has an 'any' type.
components/mobile/mobile-collaborative-editor.tsx(7,53): error TS2307: Cannot find module '@/components/ui/avatar' or its corresponding type declarations.
components/mobile/mobile-collaborative-editor.tsx(8,23): error TS2307: Cannot find module '@/components/ui/badge' or its corresponding type declarations.
components/mobile/mobile-collaborative-editor.tsx(9,24): error TS2307: Cannot find module '@/components/ui/button' or its corresponding type declarations.
components/mobile/mobile-collaborative-editor.tsx(10,23): error TS2307: Cannot find module '@/components/ui/input' or its corresponding type declarations.
components/mobile/mobile-collaborative-editor.tsx(11,28): error TS2307: Cannot find module '@/components/ui/scroll-area' or its corresponding type declarations.
components/mobile/mobile-collaborative-editor.tsx(12,58): error TS2307: Cannot find module '@/components/ui/tabs' or its corresponding type declarations.
components/mobile/mobile-collaborative-editor.tsx(13,26): error TS2307: Cannot find module '@/components/ui/textarea' or its corresponding type declarations.
components/mobile/mobile-collaborative-editor.tsx(14,26): error TS2307: Cannot find module '@/hooks/use-toast' or its corresponding type declarations.
components/mobile/mobile-collaborative-editor.tsx(307,32): error TS7006: Parameter 'e' implicitly has an 'any' type.
components/mobile/mobile-collaborative-editor.tsx(345,34): error TS7006: Parameter 'e' implicitly has an 'any' type.
components/mobile/mobile-collaborative-editor.tsx(354,34): error TS7006: Parameter 'e' implicitly has an 'any' type.
components/mobile/mobile-project-manager.tsx(23,23): error TS2307: Cannot find module '@/components/ui/badge' or its corresponding type declarations.
components/mobile/mobile-project-manager.tsx(24,24): error TS2307: Cannot find module '@/components/ui/button' or its corresponding type declarations.
components/mobile/mobile-project-manager.tsx(25,35): error TS2307: Cannot find module '@/components/ui/card' or its corresponding type declarations.
components/mobile/mobile-project-manager.tsx(26,23): error TS2307: Cannot find module '@/components/ui/input' or its corresponding type declarations.
components/mobile/mobile-project-manager.tsx(27,28): error TS2307: Cannot find module '@/components/ui/scroll-area' or its corresponding type declarations.
components/mobile/mobile-project-manager.tsx(28,79): error TS2307: Cannot find module '@/components/ui/select' or its corresponding type declarations.
components/mobile/mobile-project-manager.tsx(29,58): error TS2307: Cannot find module '@/components/ui/tabs' or its corresponding type declarations.
components/mobile/mobile-project-manager.tsx(30,26): error TS2307: Cannot find module '@/hooks/use-toast' or its corresponding type declarations.
components/mobile/mobile-project-manager.tsx(224,24): error TS7006: Parameter 'e' implicitly has an 'any' type.
components/mobile/mobile-project-manager.tsx(331,47): error TS7006: Parameter 'e' implicitly has an 'any' type.
components/modules/ai-code-generation-with-preview.tsx(7,36): error TS2307: Cannot find module '@/components/ai/code-generation-settings' or its corresponding type declarations.
components/modules/ai-code-generation-with-preview.tsx(8,27): error TS2307: Cannot find module '@/components/ai/model-selector' or its corresponding type declarations.
components/modules/ai-code-generation-with-preview.tsx(9,35): error TS2307: Cannot find module '@/components/modules/integrated-code-preview' or its corresponding type declarations.
components/modules/ai-code-generation-with-preview.tsx(10,41): error TS2307: Cannot find module '@/components/ui/alert' or its corresponding type declarations.
components/modules/ai-code-generation-with-preview.tsx(11,28): error TS2307: Cannot find module '@/components/ui/brand-badge' or its corresponding type declarations.
components/modules/ai-code-generation-with-preview.tsx(12,29): error TS2307: Cannot find module '@/components/ui/brand-button' or its corresponding type declarations.
components/modules/ai-code-generation-with-preview.tsx(13,27): error TS2307: Cannot find module '@/components/ui/brand-card' or its corresponding type declarations.
components/modules/ai-code-generation-with-preview.tsx(14,26): error TS2307: Cannot find module '@/components/ui/progress' or its corresponding type declarations.
components/modules/ai-code-generation-with-preview.tsx(15,70): error TS2307: Cannot find module '@/components/ui/resizable' or its corresponding type declarations.
components/modules/ai-code-generation-with-preview.tsx(16,26): error TS2307: Cannot find module '@/components/ui/textarea' or its corresponding type declarations.
components/modules/ai-code-generation-with-preview.tsx(17,69): error TS2307: Cannot find module '@/lib/ai/model-code-integration' or its corresponding type declarations.
components/modules/ai-code-generation-with-preview.tsx(109,34): error TS7006: Parameter 'e' implicitly has an 'any' type.
components/modules/ai-code-generation.tsx(15,28): error TS2307: Cannot find module '@/components/ui/brand-badge' or its corresponding type declarations.
components/modules/ai-code-generation.tsx(16,29): error TS2307: Cannot find module '@/components/ui/brand-button' or its corresponding type declarations.
components/modules/ai-code-generation.tsx(17,27): error TS2307: Cannot find module '@/components/ui/brand-card' or its corresponding type declarations.
components/modules/app-development.tsx(19,28): error TS2307: Cannot find module '@/components/ui/brand-badge' or its corresponding type declarations.
components/modules/app-development.tsx(20,29): error TS2307: Cannot find module '@/components/ui/brand-button' or its corresponding type declarations.
components/modules/app-development.tsx(21,27): error TS2307: Cannot find module '@/components/ui/brand-card' or its corresponding type declarations.
components/modules/automation-production.tsx(22,28): error TS2307: Cannot find module '@/components/ui/brand-badge' or its corresponding type declarations.
components/modules/automation-production.tsx(23,29): error TS2307: Cannot find module '@/components/ui/brand-button' or its corresponding type declarations.
components/modules/automation-production.tsx(24,27): error TS2307: Cannot find module '@/components/ui/brand-card' or its corresponding type declarations.
components/modules/deployment-management.tsx(24,28): error TS2307: Cannot find module '@/components/ui/brand-badge' or its corresponding type declarations.
components/modules/deployment-management.tsx(25,29): error TS2307: Cannot find module '@/components/ui/brand-button' or its corresponding type declarations.
components/modules/deployment-management.tsx(26,27): error TS2307: Cannot find module '@/components/ui/brand-card' or its corresponding type declarations.
components/modules/documentation.tsx(5,29): error TS2307: Cannot find module '@/components/ui/brand-button' or its corresponding type declarations.
components/modules/documentation.tsx(6,27): error TS2307: Cannot find module '@/components/ui/brand-card' or its corresponding type declarations.
components/modules/enhanced-ai-code-generation.tsx(9,36): error TS2307: Cannot find module '@/components/ai/code-generation-settings' or its corresponding type declarations.
components/modules/enhanced-ai-code-generation.tsx(10,25): error TS2307: Cannot find module '@/components/ai/code-preview' or its corresponding type declarations.
components/modules/enhanced-ai-code-generation.tsx(11,27): error TS2307: Cannot find module '@/components/ai/model-selector' or its corresponding type declarations.
components/modules/enhanced-ai-code-generation.tsx(12,41): error TS2307: Cannot find module '@/components/ui/alert' or its corresponding type declarations.
components/modules/enhanced-ai-code-generation.tsx(13,28): error TS2307: Cannot find module '@/components/ui/brand-badge' or its corresponding type declarations.
components/modules/enhanced-ai-code-generation.tsx(14,29): error TS2307: Cannot find module '@/components/ui/brand-button' or its corresponding type declarations.
components/modules/enhanced-ai-code-generation.tsx(15,27): error TS2307: Cannot find module '@/components/ui/brand-card' or its corresponding type declarations.
components/modules/enhanced-ai-code-generation.tsx(16,24): error TS2307: Cannot find module '@/components/ui/button' or its corresponding type declarations.
components/modules/enhanced-ai-code-generation.tsx(17,26): error TS2307: Cannot find module '@/components/ui/progress' or its corresponding type declarations.
components/modules/enhanced-ai-code-generation.tsx(18,28): error TS2307: Cannot find module '@/components/ui/scroll-area' or its corresponding type declarations.
components/modules/enhanced-ai-code-generation.tsx(19,58): error TS2307: Cannot find module '@/components/ui/tabs' or its corresponding type declarations.
components/modules/enhanced-ai-code-generation.tsx(20,26): error TS2307: Cannot find module '@/components/ui/textarea' or its corresponding type declarations.
components/modules/enhanced-ai-code-generation.tsx(25,8): error TS2307: Cannot find module '@/lib/ai/model-code-integration' or its corresponding type declarations.
components/modules/enhanced-ai-code-generation.tsx(179,36): error TS7006: Parameter 'e' implicitly has an 'any' type.
components/modules/enhanced-ai-code-generation.tsx(273,49): error TS7006: Parameter 'record' implicitly has an 'any' type.
components/modules/file-review.tsx(20,28): error TS2307: Cannot find module '@/components/ui/brand-badge' or its corresponding type declarations.
components/modules/file-review.tsx(21,29): error TS2307: Cannot find module '@/components/ui/brand-button' or its corresponding type declarations.
components/modules/file-review.tsx(22,27): error TS2307: Cannot find module '@/components/ui/brand-card' or its corresponding type declarations.
components/modules/integrated-code-preview.tsx(6,29): error TS2307: Cannot find module '@/components/ui/brand-button' or its corresponding type declarations.
components/modules/integrated-code-preview.tsx(7,27): error TS2307: Cannot find module '@/components/ui/brand-card' or its corresponding type declarations.
components/modules/integrated-code-preview.tsx(8,24): error TS2307: Cannot find module '@/components/ui/button' or its corresponding type declarations.
components/modules/integrated-code-preview.tsx(9,35): error TS2307: Cannot find module '@/components/ui/card' or its corresponding type declarations.
components/modules/integrated-code-preview.tsx(10,29): error TS2307: Cannot find module '@/components/ui/markdown-preview' or its corresponding type declarations.
components/modules/integrated-code-preview.tsx(11,26): error TS2307: Cannot find module '@/components/ui/monaco-editor' or its corresponding type declarations.
components/modules/integrated-code-preview.tsx(12,58): error TS2307: Cannot find module '@/components/ui/tabs' or its corresponding type declarations.
components/modules/integrated-code-preview.tsx(13,50): error TS2307: Cannot find module '@/lib/utils' or its corresponding type declarations.
components/modules/local-model-engine.tsx(3,29): error TS2307: Cannot find module '@/app/model-engine/page' or its corresponding type declarations.
components/modules/real-time-preview.tsx(17,28): error TS2307: Cannot find module '@/components/ui/brand-badge' or its corresponding type declarations.
components/modules/real-time-preview.tsx(18,29): error TS2307: Cannot find module '@/components/ui/brand-button' or its corresponding type declarations.
components/modules/real-time-preview.tsx(19,27): error TS2307: Cannot find module '@/components/ui/brand-card' or its corresponding type declarations.
components/modules/real-time-preview.tsx(20,29): error TS2307: Cannot find module '@/components/ui/markdown-preview' or its corresponding type declarations.
components/modules/real-time-preview.tsx(21,28): error TS2307: Cannot find module '@/components/ui/model-3d-preview' or its corresponding type declarations.
components/modules/real-time-preview.tsx(22,26): error TS2307: Cannot find module '@/components/ui/monaco-editor' or its corresponding type declarations.
components/modules/score-analysis.tsx(20,28): error TS2307: Cannot find module '@/components/ui/brand-badge' or its corresponding type declarations.
components/modules/score-analysis.tsx(21,29): error TS2307: Cannot find module '@/components/ui/brand-button' or its corresponding type declarations.
components/modules/score-analysis.tsx(22,27): error TS2307: Cannot find module '@/components/ui/brand-card' or its corresponding type declarations.
components/monitoring/configuration/AlertConfiguration.tsx(14,23): error TS2307: Cannot find module '@/components/ui/badge' or its corresponding type declarations.
components/monitoring/configuration/AlertConfiguration.tsx(15,24): error TS2307: Cannot find module '@/components/ui/button' or its corresponding type declarations.
components/monitoring/configuration/AlertConfiguration.tsx(16,75): error TS2307: Cannot find module '@/components/ui/card' or its corresponding type declarations.
components/monitoring/configuration/AlertConfiguration.tsx(17,26): error TS2307: Cannot find module '@/components/ui/checkbox' or its corresponding type declarations.
components/monitoring/configuration/AlertConfiguration.tsx(18,99): error TS2307: Cannot find module '@/components/ui/dialog' or its corresponding type declarations.
components/monitoring/configuration/AlertConfiguration.tsx(19,23): error TS2307: Cannot find module '@/components/ui/input' or its corresponding type declarations.
components/monitoring/configuration/AlertConfiguration.tsx(20,79): error TS2307: Cannot find module '@/components/ui/select' or its corresponding type declarations.
components/monitoring/configuration/AlertConfiguration.tsx(21,24): error TS2307: Cannot find module '@/components/ui/switch' or its corresponding type declarations.
components/monitoring/configuration/AlertConfiguration.tsx(22,58): error TS2307: Cannot find module '@/components/ui/tabs' or its corresponding type declarations.
components/monitoring/configuration/AlertConfiguration.tsx(23,49): error TS2307: Cannot find module '@/components/ui/tooltip' or its corresponding type declarations.
components/monitoring/configuration/AlertConfiguration.tsx(736,26): error TS7006: Parameter 'e' implicitly has an 'any' type.
components/monitoring/configuration/AlertConfiguration.tsx(746,26): error TS7006: Parameter 'e' implicitly has an 'any' type.
components/monitoring/configuration/AlertConfiguration.tsx(755,26): error TS7006: Parameter 'e' implicitly has an 'any' type.
components/monitoring/configuration/AlertConfiguration.tsx(803,26): error TS7006: Parameter 'e' implicitly has an 'any' type.
components/monitoring/configuration/AlertConfiguration.tsx(813,26): error TS7006: Parameter 'e' implicitly has an 'any' type.
components/monitoring/configuration/AlertConfiguration.tsx(846,26): error TS7006: Parameter 'e' implicitly has an 'any' type.
components/monitoring/configuration/AlertConfiguration.tsx(900,26): error TS7006: Parameter 'e' implicitly has an 'any' type.
components/monitoring/configuration/AlertConfiguration.tsx(904,24): error TS7006: Parameter 'user' implicitly has an 'any' type.
components/monitoring/configuration/AlertConfiguration.tsx(905,27): error TS7006: Parameter 'user' implicitly has an 'any' type.
components/monitoring/configuration/AlertConfiguration.tsx(916,26): error TS7006: Parameter 'e' implicitly has an 'any' type.
components/monitoring/configuration/AlertConfiguration.tsx(920,24): error TS7006: Parameter 'tag' implicitly has an 'any' type.
components/monitoring/configuration/AlertConfiguration.tsx(921,27): error TS7006: Parameter 'tag' implicitly has an 'any' type.
components/monitoring/configuration/FaultRecoveryConfiguration.tsx(14,330): error TS2307: Cannot find module '@/components/ui/' or its corresponding type declarations.
components/monitoring/configuration/FaultRecoveryConfiguration.tsx(15,187): error TS2307: Cannot find module '@/components/ui/' or its corresponding type declarations.
components/monitoring/configuration/FaultRecoveryConfiguration.tsx(16,65): error TS2307: Cannot find module '@/components/ui/' or its corresponding type declarations.
components/monitoring/configuration/FaultRecoveryConfiguration.tsx(17,78): error TS2307: Cannot find module '@/components/ui/accordion' or its corresponding type declarations.
components/monitoring/configuration/FaultRecoveryConfiguration.tsx(18,102): error TS2307: Cannot find module '@/lib/monitoring/monitoring' or its corresponding type declarations.
components/monitoring/configuration/FaultRecoveryConfiguration.tsx(313,29): error TS2339: Property 'id' does not exist on type 'RecoveryPolicyFormData'.
components/monitoring/configuration/FaultRecoveryConfiguration.tsx(314,31): error TS2339: Property 'name' does not exist on type 'RecoveryPolicyFormData'.
components/monitoring/configuration/FaultRecoveryConfiguration.tsx(315,38): error TS2339: Property 'description' does not exist on type 'RecoveryPolicyFormData'.
components/monitoring/configuration/FaultRecoveryConfiguration.tsx(316,38): error TS2339: Property 'failureType' does not exist on type 'RecoveryPolicyFormData'.
components/monitoring/configuration/FaultRecoveryConfiguration.tsx(317,45): error TS2339: Property 'detectionThreshold' does not exist on type 'RecoveryPolicyFormData'.
components/monitoring/configuration/FaultRecoveryConfiguration.tsx(318,42): error TS2339: Property 'detectionWindow' does not exist on type 'RecoveryPolicyFormData'.
components/monitoring/configuration/FaultRecoveryConfiguration.tsx(319,38): error TS2339: Property 'autoExecute' does not exist on type 'RecoveryPolicyFormData'.
components/monitoring/configuration/FaultRecoveryConfiguration.tsx(320,34): error TS2339: Property 'enabled' does not exist on type 'RecoveryPolicyFormData'.
components/monitoring/configuration/FaultRecoveryConfiguration.tsx(321,42): error TS2339: Property 'recoveryActions' does not exist on type 'RecoveryPolicyFormData'.
components/monitoring/configuration/FaultRecoveryConfiguration.tsx(322,47): error TS2339: Property 'failureDetectionRule' does not exist on type 'RecoveryPolicyFormData'.
components/monitoring/configuration/FaultRecoveryConfiguration.tsx(328,42): error TS2339: Property 'successCriteria' does not exist on type 'RecoveryPolicyFormData'.
components/monitoring/configuration/FaultRecoveryConfiguration.tsx(338,77): error TS2339: Property 'id' does not exist on type 'RecoveryPolicyFormData'.
components/monitoring/configuration/FaultRecoveryConfiguration.tsx(364,49): error TS2339: Property 'recoveryActions' does not exist on type 'RecoveryPolicyFormData'.
components/monitoring/configuration/FaultRecoveryConfiguration.tsx(369,29): error TS2339: Property 'id' does not exist on type 'RecoveryActionFormData'.
components/monitoring/configuration/FaultRecoveryConfiguration.tsx(370,31): error TS2339: Property 'name' does not exist on type 'RecoveryActionFormData'.
components/monitoring/configuration/FaultRecoveryConfiguration.tsx(371,38): error TS2339: Property 'description' does not exist on type 'RecoveryActionFormData'.
components/monitoring/configuration/FaultRecoveryConfiguration.tsx(372,36): error TS2339: Property 'operation' does not exist on type 'RecoveryActionFormData'.
components/monitoring/configuration/FaultRecoveryConfiguration.tsx(373,37): error TS2339: Property 'parameters' does not exist on type 'RecoveryActionFormData'.
components/monitoring/configuration/FaultRecoveryConfiguration.tsx(374,34): error TS2339: Property 'timeout' does not exist on type 'RecoveryActionFormData'.
components/monitoring/configuration/FaultRecoveryConfiguration.tsx(375,37): error TS2339: Property 'retryCount' does not exist on type 'RecoveryActionFormData'.
components/monitoring/configuration/FaultRecoveryConfiguration.tsx(376,37): error TS2339: Property 'retryDelay' does not exist on type 'RecoveryActionFormData'.
components/monitoring/configuration/FaultRecoveryConfiguration.tsx(382,76): error TS2339: Property 'id' does not exist on type 'RecoveryActionFormData'.
components/monitoring/configuration/FaultRecoveryConfiguration.tsx(433,45): error TS2339: Property 'recoveryActions' does not exist on type 'RecoveryPolicyFormData'.
components/monitoring/configuration/FaultRecoveryConfiguration.tsx(433,75): error TS7006: Parameter 'a' implicitly has an 'any' type.
components/monitoring/configuration/FaultRecoveryConfiguration.tsx(436,31): error TS7006: Parameter 'action' implicitly has an 'any' type.
components/monitoring/configuration/FaultRecoveryConfiguration.tsx(436,39): error TS7006: Parameter 'index' implicitly has an 'any' type.
components/monitoring/configuration/FaultRecoveryConfiguration.tsx(469,7): error TS2353: Object literal may only specify known properties, and 'id' does not exist in type 'RecoveryPolicyFormData | ((prevState: RecoveryPolicyFormData | null) => RecoveryPolicyFormData | null)'.
components/monitoring/configuration/FaultRecoveryConfiguration.tsx(499,36): error TS2339: Property 'recoveryActions' does not exist on type 'RecoveryPolicyFormData'.
components/monitoring/configuration/FaultRecoveryConfiguration.tsx(500,8): error TS7006: Parameter 'max' implicitly has an 'any' type.
components/monitoring/configuration/FaultRecoveryConfiguration.tsx(500,13): error TS7006: Parameter 'action' implicitly has an 'any' type.
components/monitoring/configuration/FaultRecoveryConfiguration.tsx(506,7): error TS2353: Object literal may only specify known properties, and 'id' does not exist in type 'RecoveryActionFormData | ((prevState: RecoveryActionFormData | null) => RecoveryActionFormData | null)'.
components/monitoring/configuration/FaultRecoveryConfiguration.tsx(647,37): error TS2339: Property 'id' does not exist on type 'RecoveryPolicyFormData'.
components/monitoring/configuration/FaultRecoveryConfiguration.tsx(648,26): error TS7006: Parameter 'e' implicitly has an 'any' type.
components/monitoring/configuration/FaultRecoveryConfiguration.tsx(648,86): error TS2353: Object literal may only specify known properties, and 'id' does not exist in type 'RecoveryPolicyFormData | ((prevState: RecoveryPolicyFormData | null) => RecoveryPolicyFormData | null)'.
components/monitoring/configuration/FaultRecoveryConfiguration.tsx(657,37): error TS2339: Property 'name' does not exist on type 'RecoveryPolicyFormData'.
components/monitoring/configuration/FaultRecoveryConfiguration.tsx(658,26): error TS7006: Parameter 'e' implicitly has an 'any' type.
components/monitoring/configuration/FaultRecoveryConfiguration.tsx(658,86): error TS2353: Object literal may only specify known properties, and 'name' does not exist in type 'RecoveryPolicyFormData | ((prevState: RecoveryPolicyFormData | null) => RecoveryPolicyFormData | null)'.
components/monitoring/configuration/FaultRecoveryConfiguration.tsx(666,37): error TS2339: Property 'description' does not exist on type 'RecoveryPolicyFormData'.
components/monitoring/configuration/FaultRecoveryConfiguration.tsx(667,26): error TS7006: Parameter 'e' implicitly has an 'any' type.
components/monitoring/configuration/FaultRecoveryConfiguration.tsx(667,86): error TS2353: Object literal may only specify known properties, and 'description' does not exist in type 'RecoveryPolicyFormData | ((prevState: RecoveryPolicyFormData | null) => RecoveryPolicyFormData | null)'.
components/monitoring/configuration/FaultRecoveryConfiguration.tsx(675,37): error TS2339: Property 'failureType' does not exist on type 'RecoveryPolicyFormData'.
components/monitoring/configuration/FaultRecoveryConfiguration.tsx(676,31): error TS7006: Parameter 'value' implicitly has an 'any' type.
components/monitoring/configuration/FaultRecoveryConfiguration.tsx(676,95): error TS2353: Object literal may only specify known properties, and 'failureType' does not exist in type 'RecoveryPolicyFormData | ((prevState: RecoveryPolicyFormData | null) => RecoveryPolicyFormData | null)'.
components/monitoring/configuration/FaultRecoveryConfiguration.tsx(695,37): error TS2339: Property 'detectionThreshold' does not exist on type 'RecoveryPolicyFormData'.
components/monitoring/configuration/FaultRecoveryConfiguration.tsx(696,26): error TS7006: Parameter 'e' implicitly has an 'any' type.
components/monitoring/configuration/FaultRecoveryConfiguration.tsx(696,86): error TS2353: Object literal may only specify known properties, and 'detectionThreshold' does not exist in type 'RecoveryPolicyFormData | ((prevState: RecoveryPolicyFormData | null) => RecoveryPolicyFormData | null)'.
components/monitoring/configuration/FaultRecoveryConfiguration.tsx(706,37): error TS2339: Property 'detectionWindow' does not exist on type 'RecoveryPolicyFormData'.
components/monitoring/configuration/FaultRecoveryConfiguration.tsx(707,26): error TS7006: Parameter 'e' implicitly has an 'any' type.
components/monitoring/configuration/FaultRecoveryConfiguration.tsx(707,86): error TS2353: Object literal may only specify known properties, and 'detectionWindow' does not exist in type 'RecoveryPolicyFormData | ((prevState: RecoveryPolicyFormData | null) => RecoveryPolicyFormData | null)'.
components/monitoring/configuration/FaultRecoveryConfiguration.tsx(717,41): error TS2339: Property 'autoExecute' does not exist on type 'RecoveryPolicyFormData'.
components/monitoring/configuration/FaultRecoveryConfiguration.tsx(718,35): error TS7006: Parameter 'checked' implicitly has an 'any' type.
components/monitoring/configuration/FaultRecoveryConfiguration.tsx(718,101): error TS2353: Object literal may only specify known properties, and 'autoExecute' does not exist in type 'RecoveryPolicyFormData | ((prevState: RecoveryPolicyFormData | null) => RecoveryPolicyFormData | null)'.
components/monitoring/configuration/FaultRecoveryConfiguration.tsx(728,41): error TS2339: Property 'enabled' does not exist on type 'RecoveryPolicyFormData'.
components/monitoring/configuration/FaultRecoveryConfiguration.tsx(729,35): error TS7006: Parameter 'checked' implicitly has an 'any' type.
components/monitoring/configuration/FaultRecoveryConfiguration.tsx(729,101): error TS2353: Object literal may only specify known properties, and 'enabled' does not exist in type 'RecoveryPolicyFormData | ((prevState: RecoveryPolicyFormData | null) => RecoveryPolicyFormData | null)'.
components/monitoring/configuration/FaultRecoveryConfiguration.tsx(747,39): error TS2339: Property 'failureDetectionRule' does not exist on type 'RecoveryPolicyFormData'.
components/monitoring/configuration/FaultRecoveryConfiguration.tsx(748,33): error TS7006: Parameter 'value' implicitly has an 'any' type.
components/monitoring/configuration/FaultRecoveryConfiguration.tsx(749,56): error TS2339: Property 'failureDetectionRule' does not exist on type 'RecoveryPolicyFormData'.
components/monitoring/configuration/FaultRecoveryConfiguration.tsx(752,21): error TS2353: Object literal may only specify known properties, and 'failureDetectionRule' does not exist in type 'RecoveryPolicyFormData | ((prevState: RecoveryPolicyFormData | null) => RecoveryPolicyFormData | null)'.
components/monitoring/configuration/FaultRecoveryConfiguration.tsx(753,40): error TS2339: Property 'failureDetectionRule' does not exist on type 'RecoveryPolicyFormData'.
components/monitoring/configuration/FaultRecoveryConfiguration.tsx(775,39): error TS2339: Property 'failureDetectionRule' does not exist on type 'RecoveryPolicyFormData'.
components/monitoring/configuration/FaultRecoveryConfiguration.tsx(776,33): error TS7006: Parameter 'value' implicitly has an 'any' type.
components/monitoring/configuration/FaultRecoveryConfiguration.tsx(777,56): error TS2339: Property 'failureDetectionRule' does not exist on type 'RecoveryPolicyFormData'.
components/monitoring/configuration/FaultRecoveryConfiguration.tsx(780,21): error TS2353: Object literal may only specify known properties, and 'failureDetectionRule' does not exist in type 'RecoveryPolicyFormData | ((prevState: RecoveryPolicyFormData | null) => RecoveryPolicyFormData | null)'.
components/monitoring/configuration/FaultRecoveryConfiguration.tsx(781,40): error TS2339: Property 'failureDetectionRule' does not exist on type 'RecoveryPolicyFormData'.
components/monitoring/configuration/FaultRecoveryConfiguration.tsx(804,39): error TS2339: Property 'failureDetectionRule' does not exist on type 'RecoveryPolicyFormData'.
components/monitoring/configuration/FaultRecoveryConfiguration.tsx(805,28): error TS7006: Parameter 'e' implicitly has an 'any' type.
components/monitoring/configuration/FaultRecoveryConfiguration.tsx(806,56): error TS2339: Property 'failureDetectionRule' does not exist on type 'RecoveryPolicyFormData'.
components/monitoring/configuration/FaultRecoveryConfiguration.tsx(809,21): error TS2353: Object literal may only specify known properties, and 'failureDetectionRule' does not exist in type 'RecoveryPolicyFormData | ((prevState: RecoveryPolicyFormData | null) => RecoveryPolicyFormData | null)'.
components/monitoring/configuration/FaultRecoveryConfiguration.tsx(810,40): error TS2339: Property 'failureDetectionRule' does not exist on type 'RecoveryPolicyFormData'.
components/monitoring/configuration/FaultRecoveryConfiguration.tsx(823,39): error TS2339: Property 'failureDetectionRule' does not exist on type 'RecoveryPolicyFormData'.
components/monitoring/configuration/FaultRecoveryConfiguration.tsx(824,28): error TS7006: Parameter 'e' implicitly has an 'any' type.
components/monitoring/configuration/FaultRecoveryConfiguration.tsx(825,56): error TS2339: Property 'failureDetectionRule' does not exist on type 'RecoveryPolicyFormData'.
components/monitoring/configuration/FaultRecoveryConfiguration.tsx(828,21): error TS2353: Object literal may only specify known properties, and 'failureDetectionRule' does not exist in type 'RecoveryPolicyFormData | ((prevState: RecoveryPolicyFormData | null) => RecoveryPolicyFormData | null)'.
components/monitoring/configuration/FaultRecoveryConfiguration.tsx(829,40): error TS2339: Property 'failureDetectionRule' does not exist on type 'RecoveryPolicyFormData'.
components/monitoring/configuration/FaultRecoveryConfiguration.tsx(851,39): error TS2339: Property 'successCriteria' does not exist on type 'RecoveryPolicyFormData'.
components/monitoring/configuration/FaultRecoveryConfiguration.tsx(852,33): error TS7006: Parameter 'value' implicitly has an 'any' type.
components/monitoring/configuration/FaultRecoveryConfiguration.tsx(853,56): error TS2339: Property 'successCriteria' does not exist on type 'RecoveryPolicyFormData'.
components/monitoring/configuration/FaultRecoveryConfiguration.tsx(856,21): error TS2353: Object literal may only specify known properties, and 'successCriteria' does not exist in type 'RecoveryPolicyFormData | ((prevState: RecoveryPolicyFormData | null) => RecoveryPolicyFormData | null)'.
components/monitoring/configuration/FaultRecoveryConfiguration.tsx(857,40): error TS2339: Property 'successCriteria' does not exist on type 'RecoveryPolicyFormData'.
components/monitoring/configuration/FaultRecoveryConfiguration.tsx(879,39): error TS2339: Property 'successCriteria' does not exist on type 'RecoveryPolicyFormData'.
components/monitoring/configuration/FaultRecoveryConfiguration.tsx(880,33): error TS7006: Parameter 'value' implicitly has an 'any' type.
components/monitoring/configuration/FaultRecoveryConfiguration.tsx(881,56): error TS2339: Property 'successCriteria' does not exist on type 'RecoveryPolicyFormData'.
components/monitoring/configuration/FaultRecoveryConfiguration.tsx(884,21): error TS2353: Object literal may only specify known properties, and 'successCriteria' does not exist in type 'RecoveryPolicyFormData | ((prevState: RecoveryPolicyFormData | null) => RecoveryPolicyFormData | null)'.
components/monitoring/configuration/FaultRecoveryConfiguration.tsx(885,40): error TS2339: Property 'successCriteria' does not exist on type 'RecoveryPolicyFormData'.
components/monitoring/configuration/FaultRecoveryConfiguration.tsx(908,39): error TS2339: Property 'successCriteria' does not exist on type 'RecoveryPolicyFormData'.
components/monitoring/configuration/FaultRecoveryConfiguration.tsx(909,28): error TS7006: Parameter 'e' implicitly has an 'any' type.
components/monitoring/configuration/FaultRecoveryConfiguration.tsx(910,56): error TS2339: Property 'successCriteria' does not exist on type 'RecoveryPolicyFormData'.
components/monitoring/configuration/FaultRecoveryConfiguration.tsx(913,21): error TS2353: Object literal may only specify known properties, and 'successCriteria' does not exist in type 'RecoveryPolicyFormData | ((prevState: RecoveryPolicyFormData | null) => RecoveryPolicyFormData | null)'.
components/monitoring/configuration/FaultRecoveryConfiguration.tsx(914,40): error TS2339: Property 'successCriteria' does not exist on type 'RecoveryPolicyFormData'.
components/monitoring/configuration/FaultRecoveryConfiguration.tsx(927,39): error TS2339: Property 'successCriteria' does not exist on type 'RecoveryPolicyFormData'.
components/monitoring/configuration/FaultRecoveryConfiguration.tsx(928,28): error TS7006: Parameter 'e' implicitly has an 'any' type.
components/monitoring/configuration/FaultRecoveryConfiguration.tsx(929,56): error TS2339: Property 'successCriteria' does not exist on type 'RecoveryPolicyFormData'.
components/monitoring/configuration/FaultRecoveryConfiguration.tsx(932,21): error TS2353: Object literal may only specify known properties, and 'successCriteria' does not exist in type 'RecoveryPolicyFormData | ((prevState: RecoveryPolicyFormData | null) => RecoveryPolicyFormData | null)'.
components/monitoring/configuration/FaultRecoveryConfiguration.tsx(933,40): error TS2339: Property 'successCriteria' does not exist on type 'RecoveryPolicyFormData'.
components/monitoring/configuration/FaultRecoveryConfiguration.tsx(957,27): error TS2339: Property 'recoveryActions' does not exist on type 'RecoveryPolicyFormData'.
components/monitoring/configuration/FaultRecoveryConfiguration.tsx(957,60): error TS2339: Property 'recoveryActions' does not exist on type 'RecoveryPolicyFormData'.
components/monitoring/configuration/FaultRecoveryConfiguration.tsx(959,30): error TS2339: Property 'recoveryActions' does not exist on type 'RecoveryPolicyFormData'.
components/monitoring/configuration/FaultRecoveryConfiguration.tsx(959,51): error TS7006: Parameter 'action' implicitly has an 'any' type.
components/monitoring/configuration/FaultRecoveryConfiguration.tsx(1001,31): error TS2339: Property 'id' does not exist on type 'RecoveryPolicyFormData'.
components/monitoring/configuration/FaultRecoveryConfiguration.tsx(1002,31): error TS2339: Property 'name' does not exist on type 'RecoveryPolicyFormData'.
components/monitoring/configuration/FaultRecoveryConfiguration.tsx(1003,31): error TS2339: Property 'failureType' does not exist on type 'RecoveryPolicyFormData'.
components/monitoring/configuration/FaultRecoveryConfiguration.tsx(1004,31): error TS2339: Property 'failureDetectionRule' does not exist on type 'RecoveryPolicyFormData'.
components/monitoring/configuration/FaultRecoveryConfiguration.tsx(1005,31): error TS2339: Property 'successCriteria' does not exist on type 'RecoveryPolicyFormData'.
components/monitoring/configuration/FaultRecoveryConfiguration.tsx(1029,37): error TS2339: Property 'id' does not exist on type 'RecoveryActionFormData'.
components/monitoring/configuration/FaultRecoveryConfiguration.tsx(1030,26): error TS7006: Parameter 'e' implicitly has an 'any' type.
components/monitoring/configuration/FaultRecoveryConfiguration.tsx(1030,86): error TS2353: Object literal may only specify known properties, and 'id' does not exist in type 'RecoveryActionFormData | ((prevState: RecoveryActionFormData | null) => RecoveryActionFormData | null)'.
components/monitoring/configuration/FaultRecoveryConfiguration.tsx(1041,26): error TS7006: Parameter 'e' implicitly has an 'any' type.
components/monitoring/configuration/FaultRecoveryConfiguration.tsx(1049,37): error TS2339: Property 'name' does not exist on type 'RecoveryActionFormData'.
components/monitoring/configuration/FaultRecoveryConfiguration.tsx(1050,26): error TS7006: Parameter 'e' implicitly has an 'any' type.
components/monitoring/configuration/FaultRecoveryConfiguration.tsx(1050,86): error TS2353: Object literal may only specify known properties, and 'name' does not exist in type 'RecoveryActionFormData | ((prevState: RecoveryActionFormData | null) => RecoveryActionFormData | null)'.
components/monitoring/configuration/FaultRecoveryConfiguration.tsx(1058,37): error TS2339: Property 'operation' does not exist on type 'RecoveryActionFormData'.
components/monitoring/configuration/FaultRecoveryConfiguration.tsx(1059,31): error TS7006: Parameter 'value' implicitly has an 'any' type.
components/monitoring/configuration/FaultRecoveryConfiguration.tsx(1059,95): error TS2353: Object literal may only specify known properties, and 'operation' does not exist in type 'RecoveryActionFormData | ((prevState: RecoveryActionFormData | null) => RecoveryActionFormData | null)'.
components/monitoring/configuration/FaultRecoveryConfiguration.tsx(1078,37): error TS2339: Property 'description' does not exist on type 'RecoveryActionFormData'.
components/monitoring/configuration/FaultRecoveryConfiguration.tsx(1079,26): error TS7006: Parameter 'e' implicitly has an 'any' type.
components/monitoring/configuration/FaultRecoveryConfiguration.tsx(1079,86): error TS2353: Object literal may only specify known properties, and 'description' does not exist in type 'RecoveryActionFormData | ((prevState: RecoveryActionFormData | null) => RecoveryActionFormData | null)'.
components/monitoring/configuration/FaultRecoveryConfiguration.tsx(1088,37): error TS2339: Property 'timeout' does not exist on type 'RecoveryActionFormData'.
components/monitoring/configuration/FaultRecoveryConfiguration.tsx(1089,26): error TS7006: Parameter 'e' implicitly has an 'any' type.
components/monitoring/configuration/FaultRecoveryConfiguration.tsx(1089,86): error TS2353: Object literal may only specify known properties, and 'timeout' does not exist in type 'RecoveryActionFormData | ((prevState: RecoveryActionFormData | null) => RecoveryActionFormData | null)'.
components/monitoring/configuration/FaultRecoveryConfiguration.tsx(1098,37): error TS2339: Property 'retryCount' does not exist on type 'RecoveryActionFormData'.
components/monitoring/configuration/FaultRecoveryConfiguration.tsx(1099,26): error TS7006: Parameter 'e' implicitly has an 'any' type.
components/monitoring/configuration/FaultRecoveryConfiguration.tsx(1099,86): error TS2353: Object literal may only specify known properties, and 'retryCount' does not exist in type 'RecoveryActionFormData | ((prevState: RecoveryActionFormData | null) => RecoveryActionFormData | null)'.
components/monitoring/configuration/FaultRecoveryConfiguration.tsx(1108,37): error TS2339: Property 'retryDelay' does not exist on type 'RecoveryActionFormData'.
components/monitoring/configuration/FaultRecoveryConfiguration.tsx(1109,26): error TS7006: Parameter 'e' implicitly has an 'any' type.
components/monitoring/configuration/FaultRecoveryConfiguration.tsx(1109,86): error TS2353: Object literal may only specify known properties, and 'retryDelay' does not exist in type 'RecoveryActionFormData | ((prevState: RecoveryActionFormData | null) => RecoveryActionFormData | null)'.
components/monitoring/configuration/FaultRecoveryConfiguration.tsx(1117,52): error TS2339: Property 'parameters' does not exist on type 'RecoveryActionFormData'.
components/monitoring/configuration/FaultRecoveryConfiguration.tsx(1118,26): error TS7006: Parameter 'e' implicitly has an 'any' type.
components/monitoring/configuration/FaultRecoveryConfiguration.tsx(1121,73): error TS2353: Object literal may only specify known properties, and 'parameters' does not exist in type 'RecoveryActionFormData | ((prevState: RecoveryActionFormData | null) => RecoveryActionFormData | null)'.
components/monitoring/configuration/FaultRecoveryConfiguration.tsx(1130,55): error TS2353: Object literal may only specify known properties, and 'serviceName' does not exist in type 'ReactElement<unknown, string | JSXElementConstructor<any>> | Iterable<ReactNode> | ReactPortal | Promise<...>'.
components/monitoring/configuration/FaultRecoveryConfiguration.tsx(1130,55): error TS18004: No value exists in scope for the shorthand property 'serviceName'. Either declare one or provide an initializer.
components/monitoring/configuration/FaultRecoveryConfiguration.tsx(1142,31): error TS2339: Property 'id' does not exist on type 'RecoveryActionFormData'.
components/monitoring/configuration/FaultRecoveryConfiguration.tsx(1143,31): error TS2339: Property 'name' does not exist on type 'RecoveryActionFormData'.
components/monitoring/configuration/FaultRecoveryConfiguration.tsx(1144,31): error TS2339: Property 'operation' does not exist on type 'RecoveryActionFormData'.
components/monitoring/configuration/SLAMonitoring.tsx(15,347): error TS2307: Cannot find module '@/components/ui/' or its corresponding type declarations.
components/monitoring/configuration/SLAMonitoring.tsx(16,187): error TS2307: Cannot find module '@/components/ui/' or its corresponding type declarations.
components/monitoring/configuration/SLAMonitoring.tsx(17,65): error TS2307: Cannot find module '@/components/ui/' or its corresponding type declarations.
components/monitoring/configuration/SLAMonitoring.tsx(18,78): error TS2307: Cannot find module '@/components/ui/accordion' or its corresponding type declarations.
components/monitoring/configuration/SLAMonitoring.tsx(19,53): error TS2307: Cannot find module '@/components/ui/avatar' or its corresponding type declarations.
components/monitoring/configuration/SLAMonitoring.tsx(161,9): error TS2322: Type '"hourly"' is not assignable to type '"daily" | "weekly" | "monthly" | "quarterly" | "annually"'.
components/monitoring/configuration/SLAMonitoring.tsx(850,30): error TS2322: Type '(entry: any) => "#ef4444" | "#10b981"' is not assignable to type 'string'.
components/monitoring/configuration/SLAMonitoring.tsx(850,32): error TS7006: Parameter 'entry' implicitly has an 'any' type.
components/monitoring/configuration/SLAMonitoring.tsx(941,26): error TS7006: Parameter 'e' implicitly has an 'any' type.
components/monitoring/configuration/SLAMonitoring.tsx(951,26): error TS7006: Parameter 'e' implicitly has an 'any' type.
components/monitoring/configuration/SLAMonitoring.tsx(960,26): error TS7006: Parameter 'e' implicitly has an 'any' type.
components/monitoring/configuration/SLAMonitoring.tsx(1029,28): error TS7006: Parameter 'e' implicitly has an 'any' type.
components/monitoring/configuration/SLAMonitoring.tsx(1071,43): error TS7006: Parameter 'checked' implicitly has an 'any' type.
components/monitoring/configuration/SLAMonitoring.tsx(1090,29): error TS2322: Type '{ services: string[]; environments?: string[] | undefined; endpoints?: string[]; }' is not assignable to type '{ services: string[]; environments: string[]; endpoints?: string[] | undefined; }'.
  Types of property 'environments' are incompatible.
    Type 'string[] | undefined' is not assignable to type 'string[]'.
      Type 'undefined' is not assignable to type 'string[]'.
components/monitoring/configuration/SLAMonitoring.tsx(1117,43): error TS7006: Parameter 'checked' implicitly has an 'any' type.
components/monitoring/configuration/SLAMonitoring.tsx(1136,29): error TS2322: Type '{ environments: string[]; services?: string[] | undefined; endpoints?: string[]; }' is not assignable to type '{ services: string[]; environments: string[]; endpoints?: string[] | undefined; }'.
  Types of property 'services' are incompatible.
    Type 'string[] | undefined' is not assignable to type 'string[]'.
      Type 'undefined' is not assignable to type 'string[]'.
components/monitoring/configuration/SLAMonitoring.tsx(1157,30): error TS7006: Parameter 'e' implicitly has an 'any' type.
components/monitoring/configuration/SLAMonitoring.tsx(1161,28): error TS7006: Parameter 'endpoint' implicitly has an 'any' type.
components/monitoring/configuration/SLAMonitoring.tsx(1162,31): error TS7006: Parameter 'endpoint' implicitly has an 'any' type.
components/monitoring/configuration/SLAMonitoring.tsx(1165,23): error TS2322: Type '{ endpoints: any; services?: string[] | undefined; environments?: string[] | undefined; }' is not assignable to type '{ services: string[]; environments: string[]; endpoints?: string[] | undefined; }'.
  Types of property 'services' are incompatible.
    Type 'string[] | undefined' is not assignable to type 'string[]'.
      Type 'undefined' is not assignable to type 'string[]'.
components/monitoring/configuration/SLAMonitoring.tsx(1190,33): error TS7006: Parameter 'value' implicitly has an 'any' type.
components/monitoring/configuration/SLAMonitoring.tsx(1220,30): error TS7006: Parameter 'e' implicitly has an 'any' type.
components/monitoring/configuration/SLAMonitoring.tsx(1247,33): error TS7006: Parameter 'value' implicitly has an 'any' type.
components/monitoring/configuration/SLAMonitoring.tsx(1272,43): error TS7006: Parameter 'checked' implicitly has an 'any' type.
components/monitoring/configuration/SLAMonitoring.tsx(1305,28): error TS7006: Parameter 'e' implicitly has an 'any' type.
components/monitoring/configuration/SLAMonitoring.tsx(1309,26): error TS7006: Parameter 'recipient' implicitly has an 'any' type.
components/monitoring/configuration/SLAMonitoring.tsx(1310,29): error TS7006: Parameter 'recipient' implicitly has an 'any' type.
components/monitoring/configuration/SLAMonitoring.tsx(1340,45): error TS7006: Parameter 'checked' implicitly has an 'any' type.
components/monitoring/configuration/SLAMonitoring.tsx(1392,33): error TS7006: Parameter 'checked' implicitly has an 'any' type.
components/monitoring/dashboard/MonitoringDashboard.tsx(15,159): error TS2307: Cannot find module '@/components/ui/' or its corresponding type declarations.
components/monitoring/dashboard/MonitoringDashboard.tsx(16,27): error TS2307: Cannot find module '@/components/ui/' or its corresponding type declarations.
components/monitoring/dashboard/MonitoringDashboard.tsx(17,87): error TS2307: Cannot find module '@/components/ui/' or its corresponding type declarations.
components/monitoring/dashboard/MonitoringDashboard.tsx(18,79): error TS2307: Cannot find module '@/lib/monitoring/monitoring' or its corresponding type declarations.
components/monitoring/dashboard/MonitoringDashboard.tsx(205,45): error TS7006: Parameter 'rec' implicitly has an 'any' type.
components/monitoring/dashboard/MonitoringDashboard.tsx(205,50): error TS7006: Parameter 'idx' implicitly has an 'any' type.
components/monitoring/dashboard/MonitoringDashboard.tsx(371,53): error TS18046: 'percent' is of type 'unknown'.
components/monitoring/remediation/AutoRemediation.tsx(15,311): error TS2307: Cannot find module '@/components/ui/' or its corresponding type declarations.
components/monitoring/remediation/AutoRemediation.tsx(16,187): error TS2307: Cannot find module '@/components/ui/' or its corresponding type declarations.
components/monitoring/remediation/AutoRemediation.tsx(17,65): error TS2307: Cannot find module '@/components/ui/' or its corresponding type declarations.
components/monitoring/remediation/AutoRemediation.tsx(18,78): error TS2307: Cannot find module '@/components/ui/accordion' or its corresponding type declarations.
components/monitoring/remediation/AutoRemediation.tsx(19,53): error TS2307: Cannot find module '@/components/ui/avatar' or its corresponding type declarations.
components/monitoring/remediation/AutoRemediation.tsx(766,31): error TS7006: Parameter 'value' implicitly has an 'any' type.
components/monitoring/remediation/AutoRemediation.tsx(858,26): error TS7006: Parameter 'e' implicitly has an 'any' type.
components/monitoring/remediation/AutoRemediation.tsx(868,26): error TS7006: Parameter 'e' implicitly has an 'any' type.
components/monitoring/remediation/AutoRemediation.tsx(877,26): error TS7006: Parameter 'e' implicitly has an 'any' type.
components/monitoring/remediation/AutoRemediation.tsx(967,33): error TS7006: Parameter 'checked' implicitly has an 'any' type.
components/monitoring/remediation/AutoRemediation.tsx(988,39): error TS7006: Parameter 'value' implicitly has an 'any' type.
components/monitoring/remediation/AutoRemediation.tsx(1014,36): error TS7006: Parameter 'e' implicitly has an 'any' type.
components/monitoring/remediation/AutoRemediation.tsx(1024,36): error TS7006: Parameter 'e' implicitly has an 'any' type.
components/monitoring/remediation/AutoRemediation.tsx(1034,36): error TS7006: Parameter 'e' implicitly has an 'any' type.
components/monitoring/remediation/AutoRemediation.tsx(1049,39): error TS7006: Parameter 'value' implicitly has an 'any' type.
components/monitoring/remediation/AutoRemediation.tsx(1075,36): error TS7006: Parameter 'e' implicitly has an 'any' type.
components/monitoring/remediation/AutoRemediation.tsx(1085,36): error TS7006: Parameter 'e' implicitly has an 'any' type.
components/monitoring/remediation/AutoRemediation.tsx(1095,36): error TS7006: Parameter 'e' implicitly has an 'any' type.
components/monitoring/remediation/AutoRemediation.tsx(1105,36): error TS7006: Parameter 'e' implicitly has an 'any' type.
components/monitoring/remediation/AutoRemediation.tsx(1120,39): error TS7006: Parameter 'value' implicitly has an 'any' type.
components/monitoring/remediation/AutoRemediation.tsx(1145,41): error TS7006: Parameter 'value' implicitly has an 'any' type.
components/monitoring/remediation/AutoRemediation.tsx(1165,36): error TS7006: Parameter 'e' implicitly has an 'any' type.
components/monitoring/remediation/AutoRemediation.tsx(1180,39): error TS7006: Parameter 'value' implicitly has an 'any' type.
components/monitoring/remediation/AutoRemediation.tsx(1205,36): error TS7006: Parameter 'e' implicitly has an 'any' type.
components/monitoring/remediation/AutoRemediation.tsx(1214,36): error TS7006: Parameter 'e' implicitly has an 'any' type.
components/monitoring/remediation/AutoRemediation.tsx(1224,36): error TS7006: Parameter 'e' implicitly has an 'any' type.
components/monitoring/remediation/AutoRemediation.tsx(1239,34): error TS7006: Parameter 'e' implicitly has an 'any' type.
components/monitoring/remediation/AutoRemediation.tsx(1248,34): error TS7006: Parameter 'e' implicitly has an 'any' type.
components/monitoring/remediation/AutoRemediation.tsx(1257,34): error TS7006: Parameter 'e' implicitly has an 'any' type.
components/monitoring/remediation/AutoRemediation.tsx(1270,32): error TS7006: Parameter 'e' implicitly has an 'any' type.
components/monitoring/remediation/AutoRemediation.tsx(1300,28): error TS7006: Parameter 'e' implicitly has an 'any' type.
components/monitoring/remediation/AutoRemediation.tsx(1313,28): error TS7006: Parameter 'e' implicitly has an 'any' type.
components/monitoring/remediation/AutoRemediation.tsx(1327,28): error TS7006: Parameter 'e' implicitly has an 'any' type.
components/monitoring/remediation/AutoRemediation.tsx(1343,33): error TS7006: Parameter 'checked' implicitly has an 'any' type.
components/monitoring/sla/SLAMonitor.tsx(11,238): error TS2305: Module '"lucide-react"' has no exported member 'AlertSquare'.
components/monitoring/sla/SLAMonitor.tsx(16,397): error TS2307: Cannot find module '@/components/ui/' or its corresponding type declarations.
components/monitoring/sla/SLAMonitor.tsx(17,187): error TS2307: Cannot find module '@/components/ui/' or its corresponding type declarations.
components/monitoring/sla/SLAMonitor.tsx(18,65): error TS2307: Cannot find module '@/components/ui/' or its corresponding type declarations.
components/monitoring/sla/SLAMonitor.tsx(19,78): error TS2307: Cannot find module '@/components/ui/accordion' or its corresponding type declarations.
components/monitoring/sla/SLAMonitor.tsx(473,9): error TS2322: Type 'string' is not assignable to type '"warning" | "normal" | "violation"'.
components/monitoring/sla/SLAMonitor.tsx(480,39): error TS2552: Cannot find name 'target'. Did you mean 'Target'?
components/monitoring/sla/SLAMonitor.tsx(552,7): error TS2322: Type 'string' is not assignable to type '"warning" | "normal" | "violation"'.
components/monitoring/sla/SLAMonitor.tsx(899,64): error TS18046: 'percent' is of type 'unknown'.
components/monitoring/sla/SLAMonitor.tsx(923,18): error TS2552: Cannot find name 'LineChart'. Did you mean 'PieChart'?
components/monitoring/sla/SLAMonitor.tsx(936,19): error TS2552: Cannot find name 'LineChart'. Did you mean 'PieChart'?
components/monitoring/sla/SLAMonitor.tsx(1163,49): error TS7006: Parameter 'checked' implicitly has an 'any' type.
components/monitoring/sla/SLAMonitor.tsx(1463,30): error TS2304: Cannot find name 'handleRefresh'.
components/monitoring/sla/SLAMonitor.tsx(1467,72): error TS2304: Cannot find name 'setShowCreateModal'.
components/monitoring/sla/SLAMonitor.tsx(1476,12): error TS2552: Cannot find name 'renderOverviewCards'. Did you mean 'renderOverview'?
components/monitoring/sla/SLAMonitor.tsx(1481,12): error TS2304: Cannot find name 'renderCharts'.
components/monitoring/sla/SLAMonitor.tsx(1485,10): error TS2304: Cannot find name 'renderServiceTable'.
components/monitoring/sla/SLAMonitor.tsx(1488,31): error TS2552: Cannot find name 'renderSlaTargetDetails'. Did you mean 'renderSlaDetails'?
components/preview/collaborative-editor.tsx(23,53): error TS2307: Cannot find module '@/components/ui/avatar' or its corresponding type declarations.
components/preview/collaborative-editor.tsx(24,23): error TS2307: Cannot find module '@/components/ui/badge' or its corresponding type declarations.
components/preview/collaborative-editor.tsx(25,24): error TS2307: Cannot find module '@/components/ui/button' or its corresponding type declarations.
components/preview/collaborative-editor.tsx(26,58): error TS2307: Cannot find module '@/components/ui/card' or its corresponding type declarations.
components/preview/collaborative-editor.tsx(27,23): error TS2307: Cannot find module '@/components/ui/input' or its corresponding type declarations.
components/preview/collaborative-editor.tsx(28,26): error TS2307: Cannot find module '@/components/ui/monaco-editor' or its corresponding type declarations.
components/preview/collaborative-editor.tsx(29,28): error TS2307: Cannot find module '@/components/ui/scroll-area' or its corresponding type declarations.
components/preview/collaborative-editor.tsx(30,27): error TS2307: Cannot find module '@/components/ui/separator' or its corresponding type declarations.
components/preview/collaborative-editor.tsx(31,26): error TS2307: Cannot find module '@/components/ui/textarea' or its corresponding type declarations.
components/preview/collaborative-editor.tsx(32,26): error TS2307: Cannot find module '@/hooks/use-toast' or its corresponding type declarations.
components/preview/collaborative-editor.tsx(414,32): error TS7006: Parameter 'e' implicitly has an 'any' type.
components/preview/collaborative-editor.tsx(422,30): error TS7006: Parameter 'e' implicitly has an 'any' type.
components/preview/enhanced-code-sandbox.tsx(25,23): error TS2307: Cannot find module '@/components/ui/badge' or its corresponding type declarations.
components/preview/enhanced-code-sandbox.tsx(26,24): error TS2307: Cannot find module '@/components/ui/button' or its corresponding type declarations.
components/preview/enhanced-code-sandbox.tsx(27,75): error TS2307: Cannot find module '@/components/ui/card' or its corresponding type declarations.
components/preview/enhanced-code-sandbox.tsx(28,23): error TS2307: Cannot find module '@/components/ui/label' or its corresponding type declarations.
components/preview/enhanced-code-sandbox.tsx(29,26): error TS2307: Cannot find module '@/components/ui/monaco-editor' or its corresponding type declarations.
components/preview/enhanced-code-sandbox.tsx(30,79): error TS2307: Cannot find module '@/components/ui/select' or its corresponding type declarations.
components/preview/enhanced-code-sandbox.tsx(31,27): error TS2307: Cannot find module '@/components/ui/separator' or its corresponding type declarations.
components/preview/enhanced-code-sandbox.tsx(32,24): error TS2307: Cannot find module '@/components/ui/switch' or its corresponding type declarations.
components/preview/enhanced-code-sandbox.tsx(33,58): error TS2307: Cannot find module '@/components/ui/tabs' or its corresponding type declarations.
components/preview/enhanced-code-sandbox.tsx(34,26): error TS2307: Cannot find module '@/hooks/use-toast' or its corresponding type declarations.
components/preview/enhanced-code-sandbox.tsx(554,33): error TS7006: Parameter 'e' implicitly has an 'any' type.
components/preview/enhanced-code-sandbox.tsx(702,76): error TS7006: Parameter 'value' implicitly has an 'any' type.
components/preview/enhanced-code-sandbox.tsx(717,80): error TS7006: Parameter 'value' implicitly has an 'any' type.
components/preview/integrated-code-generator.tsx(7,23): error TS2307: Cannot find module '@/components/ui/badge' or its corresponding type declarations.
components/preview/integrated-code-generator.tsx(8,24): error TS2307: Cannot find module '@/components/ui/button' or its corresponding type declarations.
components/preview/integrated-code-generator.tsx(9,75): error TS2307: Cannot find module '@/components/ui/card' or its corresponding type declarations.
components/preview/integrated-code-generator.tsx(10,23): error TS2307: Cannot find module '@/components/ui/input' or its corresponding type declarations.
components/preview/integrated-code-generator.tsx(11,23): error TS2307: Cannot find module '@/components/ui/label' or its corresponding type declarations.
components/preview/integrated-code-generator.tsx(12,26): error TS2307: Cannot find module '@/components/ui/monaco-editor' or its corresponding type declarations.
components/preview/integrated-code-generator.tsx(13,79): error TS2307: Cannot find module '@/components/ui/select' or its corresponding type declarations.
components/preview/integrated-code-generator.tsx(14,24): error TS2307: Cannot find module '@/components/ui/slider' or its corresponding type declarations.
components/preview/integrated-code-generator.tsx(15,24): error TS2307: Cannot find module '@/components/ui/switch' or its corresponding type declarations.
components/preview/integrated-code-generator.tsx(16,58): error TS2307: Cannot find module '@/components/ui/tabs' or its corresponding type declarations.
components/preview/integrated-code-generator.tsx(17,26): error TS2307: Cannot find module '@/components/ui/textarea' or its corresponding type declarations.
components/preview/integrated-code-generator.tsx(18,26): error TS2307: Cannot find module '@/hooks/use-toast' or its corresponding type declarations.
components/preview/integrated-code-generator.tsx(19,41): error TS2307: Cannot find module '@/lib/ai/model-code-integration' or its corresponding type declarations.
components/preview/integrated-code-generator.tsx(20,34): error TS2307: Cannot find module '@/lib/templates/template-store' or its corresponding type declarations.
components/preview/integrated-code-generator.tsx(60,6): error TS7006: Parameter 'template' implicitly has an 'any' type.
components/preview/integrated-code-generator.tsx(65,38): error TS7006: Parameter 't' implicitly has an 'any' type.
components/preview/integrated-code-generator.tsx(75,32): error TS7006: Parameter 'match' implicitly has an 'any' type.
components/preview/integrated-code-generator.tsx(217,37): error TS7006: Parameter 'model' implicitly has an 'any' type.
components/preview/integrated-code-generator.tsx(291,28): error TS7006: Parameter 'e' implicitly has an 'any' type.
components/preview/integrated-code-generator.tsx(307,38): error TS7006: Parameter 'e' implicitly has an 'any' type.
components/preview/integrated-code-generator.tsx(354,43): error TS7006: Parameter 'template' implicitly has an 'any' type.
components/preview/integrated-code-generator.tsx(522,51): error TS7006: Parameter 'record' implicitly has an 'any' type.
components/preview/project-integration-panel.tsx(21,23): error TS2307: Cannot find module '@/components/ui/badge' or its corresponding type declarations.
components/preview/project-integration-panel.tsx(22,24): error TS2307: Cannot find module '@/components/ui/button' or its corresponding type declarations.
components/preview/project-integration-panel.tsx(23,75): error TS2307: Cannot find module '@/components/ui/card' or its corresponding type declarations.
components/preview/project-integration-panel.tsx(24,26): error TS2307: Cannot find module '@/components/ui/progress' or its corresponding type declarations.
components/preview/project-integration-panel.tsx(25,58): error TS2307: Cannot find module '@/components/ui/tabs' or its corresponding type declarations.
components/preview/project-integration-panel.tsx(26,33): error TS2307: Cannot find module '@/lib/project-store' or its corresponding type declarations.
components/preview/template-system-integration.tsx(7,23): error TS2307: Cannot find module '@/components/ui/badge' or its corresponding type declarations.
components/preview/template-system-integration.tsx(8,24): error TS2307: Cannot find module '@/components/ui/button' or its corresponding type declarations.
components/preview/template-system-integration.tsx(9,75): error TS2307: Cannot find module '@/components/ui/card' or its corresponding type declarations.
components/preview/template-system-integration.tsx(10,23): error TS2307: Cannot find module '@/components/ui/input' or its corresponding type declarations.
components/preview/template-system-integration.tsx(11,23): error TS2307: Cannot find module '@/components/ui/label' or its corresponding type declarations.
components/preview/template-system-integration.tsx(12,79): error TS2307: Cannot find module '@/components/ui/select' or its corresponding type declarations.
components/preview/template-system-integration.tsx(13,58): error TS2307: Cannot find module '@/components/ui/tabs' or its corresponding type declarations.
components/preview/template-system-integration.tsx(14,26): error TS2307: Cannot find module '@/components/ui/textarea' or its corresponding type declarations.
components/preview/template-system-integration.tsx(15,34): error TS2307: Cannot find module '@/lib/templates/template-store' or its corresponding type declarations.
components/preview/template-system-integration.tsx(16,35): error TS2307: Cannot find module '@/types/template' or its corresponding type declarations.
components/preview/template-system-integration.tsx(127,24): error TS7006: Parameter 'template' implicitly has an 'any' type.
components/preview/template-system-integration.tsx(171,86): error TS7006: Parameter 't' implicitly has an 'any' type.
components/preview/template-system-integration.tsx(176,36): error TS7006: Parameter 'sum' implicitly has an 'any' type.
components/preview/template-system-integration.tsx(176,41): error TS7006: Parameter 't' implicitly has an 'any' type.
components/preview/template-system-integration.tsx(207,36): error TS7006: Parameter 'e' implicitly has an 'any' type.
components/preview/template-system-integration.tsx(212,67): error TS7006: Parameter 'value' implicitly has an 'any' type.
components/preview/template-system-integration.tsx(225,67): error TS7006: Parameter 'value' implicitly has an 'any' type.
components/preview/template-system-integration.tsx(243,50): error TS7006: Parameter 'template' implicitly has an 'any' type.
components/preview/template-system-integration.tsx(364,44): error TS7006: Parameter 'sum' implicitly has an 'any' type.
components/preview/template-system-integration.tsx(364,49): error TS7006: Parameter 't' implicitly has an 'any' type.
components/preview/template-system-integration.tsx(404,36): error TS7006: Parameter 'e' implicitly has an 'any' type.
components/preview/template-system-integration.tsx(458,34): error TS7006: Parameter 'e' implicitly has an 'any' type.
components/preview/template-system-integration.tsx(459,41): error TS7006: Parameter 'prev' implicitly has an 'any' type.
components/preview/template-system-integration.tsx(473,34): error TS7006: Parameter 'e' implicitly has an 'any' type.
components/preview/template-system-integration.tsx(474,41): error TS7006: Parameter 'prev' implicitly has an 'any' type.
components/preview/template-system-integration.tsx(488,41): error TS7006: Parameter 'value' implicitly has an 'any' type.
components/preview/template-system-integration.tsx(489,43): error TS7006: Parameter 'prev' implicitly has an 'any' type.
components/preview/template-system-integration.tsx(512,41): error TS7006: Parameter 'value' implicitly has an 'any' type.
components/preview/template-system-integration.tsx(513,43): error TS7006: Parameter 'prev' implicitly has an 'any' type.
components/preview/template-system-integration.tsx(538,34): error TS7006: Parameter 'e' implicitly has an 'any' type.
components/preview/template-system-integration.tsx(539,41): error TS7006: Parameter 'prev' implicitly has an 'any' type.
components/project/create-project-modal.tsx(8,29): error TS2307: Cannot find module '@/components/ui/brand-button' or its corresponding type declarations.
components/project/create-project-modal.tsx(9,27): error TS2307: Cannot find module '@/components/ui/brand-card' or its corresponding type declarations.
components/project/create-project-modal.tsx(10,33): error TS2307: Cannot find module '@/lib/project-store' or its corresponding type declarations.
components/project/create-project-modal.tsx(11,30): error TS2307: Cannot find module '@/types/project' or its corresponding type declarations.
components/project/create-project-modal.tsx(370,28): error TS7053: Element implicitly has an 'any' type because expression of type 'Project' can't be used to index type '{ web: { id: string; name: string; description: string; }[]; mobile: { id: string; name: string; description: string; }[]; desktop: { id: string; name: string; description: string; }[]; api: { id: string; name: string; description: string; }[]; "ai-model": { ...; }[]; }'.
components/project/create-project-modal.tsx(370,60): error TS7006: Parameter 'framework' implicitly has an 'any' type.
components/project/project-card.tsx(22,28): error TS2307: Cannot find module '@/components/ui/brand-badge' or its corresponding type declarations.
components/project/project-card.tsx(23,29): error TS2307: Cannot find module '@/components/ui/brand-button' or its corresponding type declarations.
components/project/project-card.tsx(24,27): error TS2307: Cannot find module '@/components/ui/brand-card' or its corresponding type declarations.
components/project/project-card.tsx(25,30): error TS2307: Cannot find module '@/types/project' or its corresponding type declarations.
components/project/project-card.tsx(149,53): error TS7006: Parameter 'tag' implicitly has an 'any' type.
components/project/project-card.tsx(301,53): error TS7006: Parameter 'tag' implicitly has an 'any' type.
components/project/project-filters.tsx(3,29): error TS2307: Cannot find module '@/components/ui/brand-button' or its corresponding type declarations.
components/project/project-manager.tsx(23,28): error TS2307: Cannot find module '@/components/ui/brand-badge' or its corresponding type declarations.
components/project/project-manager.tsx(24,29): error TS2307: Cannot find module '@/components/ui/brand-button' or its corresponding type declarations.
components/project/project-manager.tsx(25,33): error TS2307: Cannot find module '@/lib/project-store' or its corresponding type declarations.
components/project/project-manager.tsx(26,30): error TS2307: Cannot find module '@/types/project' or its corresponding type declarations.
components/project/project-manager.tsx(65,18): error TS7006: Parameter 'a' implicitly has an 'any' type.
components/project/project-manager.tsx(65,21): error TS7006: Parameter 'b' implicitly has an 'any' type.
components/project/project-manager.tsx(107,38): error TS7006: Parameter 'p' implicitly has an 'any' type.
components/project/project-manager.tsx(250,36): error TS7006: Parameter 'project' implicitly has an 'any' type.
components/project/project-manager.tsx(250,45): error TS7006: Parameter 'index' implicitly has an 'any' type.
components/templates/template-card.tsx(9,23): error TS2307: Cannot find module '@/components/ui/badge' or its corresponding type declarations.
components/templates/template-card.tsx(10,28): error TS2307: Cannot find module '@/components/ui/brand-badge' or its corresponding type declarations.
components/templates/template-card.tsx(11,27): error TS2307: Cannot find module '@/components/ui/brand-card' or its corresponding type declarations.
components/templates/template-card.tsx(12,24): error TS2307: Cannot find module '@/components/ui/button' or its corresponding type declarations.
components/templates/template-card.tsx(19,8): error TS2307: Cannot find module '@/components/ui/dropdown-menu' or its corresponding type declarations.
components/templates/template-card.tsx(20,35): error TS2307: Cannot find module '@/types/template' or its corresponding type declarations.
components/templates/template-card.tsx(163,45): error TS7006: Parameter 'tag' implicitly has an 'any' type.
components/templates/template-card.tsx(163,50): error TS7006: Parameter 'index' implicitly has an 'any' type.
components/templates/template-explorer.tsx(6,26): error TS2307: Cannot find module '@/components/templates/template-card' or its corresponding type declarations.
components/templates/template-explorer.tsx(7,29): error TS2307: Cannot find module '@/components/templates/template-filters' or its corresponding type declarations.
components/templates/template-explorer.tsx(8,31): error TS2307: Cannot find module '@/components/templates/template-form-modal' or its corresponding type declarations.
components/templates/template-explorer.tsx(9,32): error TS2307: Cannot find module '@/components/templates/template-share-modal' or its corresponding type declarations.
components/templates/template-explorer.tsx(10,24): error TS2307: Cannot find module '@/components/ui/button' or its corresponding type declarations.
components/templates/template-explorer.tsx(11,28): error TS2307: Cannot find module '@/components/ui/pagination' or its corresponding type declarations.
components/templates/template-explorer.tsx(12,58): error TS2307: Cannot find module '@/components/ui/tabs' or its corresponding type declarations.
components/templates/template-explorer.tsx(13,26): error TS2307: Cannot find module '@/hooks/use-toast' or its corresponding type declarations.
components/templates/template-explorer.tsx(14,34): error TS2307: Cannot find module '@/lib/templates/template-store' or its corresponding type declarations.
components/templates/template-explorer.tsx(15,35): error TS2307: Cannot find module '@/types/template' or its corresponding type declarations.
components/templates/template-explorer.tsx(294,35): error TS7006: Parameter 'template' implicitly has an 'any' type.
components/templates/template-filters.tsx(7,23): error TS2307: Cannot find module '@/components/ui/badge' or its corresponding type declarations.
components/templates/template-filters.tsx(8,24): error TS2307: Cannot find module '@/components/ui/button' or its corresponding type declarations.
components/templates/template-filters.tsx(9,23): error TS2307: Cannot find module '@/components/ui/input' or its corresponding type declarations.
components/templates/template-filters.tsx(10,23): error TS2307: Cannot find module '@/components/ui/label' or its corresponding type declarations.
components/templates/template-filters.tsx(11,57): error TS2307: Cannot find module '@/components/ui/popover' or its corresponding type declarations.
components/templates/template-filters.tsx(12,79): error TS2307: Cannot find module '@/components/ui/select' or its corresponding type declarations.
components/templates/template-filters.tsx(13,55): error TS2307: Cannot find module '@/types/template' or its corresponding type declarations.
components/templates/template-form-modal.tsx(3,26): error TS2307: Cannot find module '@/components/templates/template-form' or its corresponding type declarations.
components/templates/template-form-modal.tsx(4,66): error TS2307: Cannot find module '@/components/ui/dialog' or its corresponding type declarations.
components/templates/template-form-modal.tsx(5,81): error TS2307: Cannot find module '@/types/template' or its corresponding type declarations.
components/templates/template-form-modal.tsx(23,42): error TS7006: Parameter 'open' implicitly has an 'any' type.
components/templates/template-form.tsx(10,23): error TS2307: Cannot find module '@/components/ui/badge' or its corresponding type declarations.
components/templates/template-form.tsx(11,24): error TS2307: Cannot find module '@/components/ui/button' or its corresponding type declarations.
components/templates/template-form.tsx(12,97): error TS2307: Cannot find module '@/components/ui/form' or its corresponding type declarations.
components/templates/template-form.tsx(13,23): error TS2307: Cannot find module '@/components/ui/input' or its corresponding type declarations.
components/templates/template-form.tsx(14,23): error TS2307: Cannot find module '@/components/ui/label' or its corresponding type declarations.
components/templates/template-form.tsx(15,79): error TS2307: Cannot find module '@/components/ui/select' or its corresponding type declarations.
components/templates/template-form.tsx(16,24): error TS2307: Cannot find module '@/components/ui/slider' or its corresponding type declarations.
components/templates/template-form.tsx(17,24): error TS2307: Cannot find module '@/components/ui/switch' or its corresponding type declarations.
components/templates/template-form.tsx(18,26): error TS2307: Cannot find module '@/components/ui/textarea' or its corresponding type declarations.
components/templates/template-form.tsx(19,99): error TS2307: Cannot find module '@/types/template' or its corresponding type declarations.
components/templates/template-form.tsx(141,24): error TS7031: Binding element 'field' implicitly has an 'any' type.
components/templates/template-form.tsx(156,24): error TS7031: Binding element 'field' implicitly has an 'any' type.
components/templates/template-form.tsx(171,24): error TS7031: Binding element 'field' implicitly has an 'any' type.
components/templates/template-form.tsx(198,26): error TS7031: Binding element 'field' implicitly has an 'any' type.
components/templates/template-form.tsx(227,26): error TS7031: Binding element 'field' implicitly has an 'any' type.
components/templates/template-form.tsx(258,26): error TS7031: Binding element 'field' implicitly has an 'any' type.
components/templates/template-form.tsx(291,30): error TS7006: Parameter 'e' implicitly has an 'any' type.
components/templates/template-form.tsx(322,24): error TS7031: Binding element 'field' implicitly has an 'any' type.
components/templates/template-form.tsx(334,37): error TS7006: Parameter 'value' implicitly has an 'any' type.
components/templates/template-form.tsx(353,24): error TS7031: Binding element 'field' implicitly has an 'any' type.
components/templates/template-form.tsx(365,37): error TS7006: Parameter 'value' implicitly has an 'any' type.
components/templates/template-form.tsx(385,26): error TS7031: Binding element 'field' implicitly has an 'any' type.
components/templates/template-form.tsx(401,26): error TS7031: Binding element 'field' implicitly has an 'any' type.
components/templates/template-form.tsx(429,22): error TS7031: Binding element 'field' implicitly has an 'any' type.
components/templates/template-share-modal.tsx(6,24): error TS2307: Cannot find module '@/components/ui/button' or its corresponding type declarations.
components/templates/template-share-modal.tsx(7,85): error TS2307: Cannot find module '@/components/ui/dialog' or its corresponding type declarations.
components/templates/template-share-modal.tsx(8,23): error TS2307: Cannot find module '@/components/ui/input' or its corresponding type declarations.
components/templates/template-share-modal.tsx(9,23): error TS2307: Cannot find module '@/components/ui/label' or its corresponding type declarations.
components/templates/template-share-modal.tsx(10,58): error TS2307: Cannot find module '@/components/ui/tabs' or its corresponding type declarations.
components/templates/template-share-modal.tsx(11,26): error TS2307: Cannot find module '@/components/ui/textarea' or its corresponding type declarations.
components/templates/template-share-modal.tsx(12,26): error TS2307: Cannot find module '@/hooks/use-toast' or its corresponding type declarations.
components/templates/template-share-modal.tsx(13,35): error TS2307: Cannot find module '@/types/template' or its corresponding type declarations.
components/templates/template-share-modal.tsx(109,42): error TS7006: Parameter 'open' implicitly has an 'any' type.
components/templates/template-share-modal.tsx(209,28): error TS7006: Parameter 'e' implicitly has an 'any' type.
components/templates/template-share-modal.tsx(218,28): error TS7006: Parameter 'e' implicitly has an 'any' type.
components/ui/alert.tsx(17,20): error TS2307: Cannot find module '@/lib/utils' or its corresponding type declarations.
components/ui/avatar.tsx(6,20): error TS2307: Cannot find module '@/lib/utils' or its corresponding type declarations.
components/ui/badge.tsx(4,20): error TS2307: Cannot find module '@/lib/utils' or its corresponding type declarations.
components/ui/brand-logo.tsx(7,30): error TS2307: Cannot find module '@/lib/brand-system' or its corresponding type declarations.
components/ui/button.tsx(5,20): error TS2307: Cannot find module '@/lib/utils' or its corresponding type declarations.
components/ui/card.tsx(3,20): error TS2307: Cannot find module '@/lib/utils' or its corresponding type declarations.
components/ui/checkbox.tsx(7,20): error TS2307: Cannot find module '@/lib/utils' or its corresponding type declarations.
components/ui/command.tsx(8,39): error TS2307: Cannot find module '@/components/ui/dialog' or its corresponding type declarations.
components/ui/command.tsx(9,20): error TS2307: Cannot find module '@/lib/utils' or its corresponding type declarations.
components/ui/dialog.tsx(7,20): error TS2307: Cannot find module '@/lib/utils' or its corresponding type declarations.
components/ui/dropdown-menu.tsx(7,20): error TS2307: Cannot find module '@/lib/utils' or its corresponding type declarations.
components/ui/form.tsx(15,23): error TS2307: Cannot find module '@/components/ui/label' or its corresponding type declarations.
components/ui/form.tsx(16,20): error TS2307: Cannot find module '@/lib/utils' or its corresponding type declarations.
components/ui/input.tsx(3,20): error TS2307: Cannot find module '@/lib/utils' or its corresponding type declarations.
components/ui/label.tsx(7,20): error TS2307: Cannot find module '@/lib/utils' or its corresponding type declarations.
components/ui/monaco-editor.tsx(6,20): error TS2307: Cannot find module '@/lib/utils' or its corresponding type declarations.
components/ui/pagination.tsx(5,24): error TS2307: Cannot find module '@/components/ui/button' or its corresponding type declarations.
components/ui/popover.tsx(6,20): error TS2307: Cannot find module '@/lib/utils' or its corresponding type declarations.
components/ui/progress.tsx(6,20): error TS2307: Cannot find module '@/lib/utils' or its corresponding type declarations.
components/ui/resizable.tsx(6,20): error TS2307: Cannot find module '@/lib/utils' or its corresponding type declarations.
components/ui/scroll-area.tsx(6,20): error TS2307: Cannot find module '@/lib/utils' or its corresponding type declarations.
components/ui/select.tsx(7,20): error TS2307: Cannot find module '@/lib/utils' or its corresponding type declarations.
components/ui/separator.tsx(6,20): error TS2307: Cannot find module '@/lib/utils' or its corresponding type declarations.
components/ui/skeleton.tsx(1,20): error TS2307: Cannot find module '@/lib/utils' or its corresponding type declarations.
components/ui/slider.tsx(6,20): error TS2307: Cannot find module '@/lib/utils' or its corresponding type declarations.
components/ui/switch.tsx(6,20): error TS2307: Cannot find module '@/lib/utils' or its corresponding type declarations.
components/ui/tabs.tsx(6,20): error TS2307: Cannot find module '@/lib/utils' or its corresponding type declarations.
components/ui/textarea.tsx(3,20): error TS2307: Cannot find module '@/lib/utils' or its corresponding type declarations.
components/ui/toast.tsx(8,20): error TS2307: Cannot find module '@/lib/utils' or its corresponding type declarations.
components/ui/toaster.tsx(12,8): error TS2307: Cannot find module '@/components/ui/toast' or its corresponding type declarations.
components/ui/toaster.tsx(13,26): error TS2307: Cannot find module '@/hooks/use-toast' or its corresponding type declarations.
components/ui/toaster.tsx(34,31): error TS7031: Binding element 'id' implicitly has an 'any' type.
components/ui/toaster.tsx(34,35): error TS7031: Binding element 'title' implicitly has an 'any' type.
components/ui/toaster.tsx(34,42): error TS7031: Binding element 'description' implicitly has an 'any' type.
components/ui/toaster.tsx(34,55): error TS7031: Binding element 'action' implicitly has an 'any' type.
components/ui/tooltip.tsx(6,20): error TS2307: Cannot find module '@/lib/utils' or its corresponding type declarations.
hooks/use-toast.tsx(8,8): error TS2307: Cannot find module '@/components/ui/toast' or its corresponding type declarations.
lib/project-store.ts(6,71): error TS2307: Cannot find module '@/types/project' or its corresponding type declarations.
lib/project-store.ts(286,45): error TS7006: Parameter 'file' implicitly has an 'any' type.
lib/project-store.ts(308,58): error TS7006: Parameter 'file' implicitly has an 'any' type.
lib/project-store.ts(334,48): error TS7006: Parameter 'file' implicitly has an 'any' type.
lib/project-store.ts(346,61): error TS7006: Parameter 'file' implicitly has an 'any' type.
lib/project-store.ts(363,45): error TS7006: Parameter 'file' implicitly has an 'any' type.
lib/project-store.ts(381,58): error TS7006: Parameter 'file' implicitly has an 'any' type.
lib/project-store.ts(412,16): error TS7006: Parameter 'acc' implicitly has an 'any' type.
lib/project-store.ts(412,21): error TS7006: Parameter 'file' implicitly has an 'any' type.
lib/project-store.ts(449,49): error TS7006: Parameter 'v' implicitly has an 'any' type.
lib/project-store.ts(454,52): error TS7006: Parameter 'f' implicitly has an 'any' type.
lib/project-store.ts(461,19): error TS18046: 'content' is of type 'unknown'.
lib/project-store.ts(534,46): error TS7006: Parameter 'member' implicitly has an 'any' type.
lib/project-store.ts(542,59): error TS7006: Parameter 'member' implicitly has an 'any' type.
lib/project-store.ts(554,43): error TS7006: Parameter 'member' implicitly has an 'any' type.
lib/project-store.ts(562,56): error TS7006: Parameter 'member' implicitly has an 'any' type.
lib/project-store.ts(620,41): error TS7006: Parameter 'tag' implicitly has an 'any' type.
src/accessibility/enhanced-accessibility.tsx(5,29): error TS2307: Cannot find module '@/src/store/app-store' or its corresponding type declarations.
src/core/module-system.tsx(6,26): error TS2307: Cannot find module '@/components/ui/skeleton' or its corresponding type declarations.
src/core/yu/interfaces/index.ts(4,31): error TS2307: Cannot find module '@/src/core/yan/interfaces' or its corresponding type declarations.
src/emotion-platform/ContextAware.tsx(6,23): error TS2307: Cannot find module '@/components/ui/badge' or its corresponding type declarations.
src/emotion-platform/ContextAware.tsx(7,58): error TS2307: Cannot find module '@/components/ui/card' or its corresponding type declarations.
src/emotion-platform/ContextAware.tsx(8,23): error TS2307: Cannot find module '@/components/ui/label' or its corresponding type declarations.
src/emotion-platform/ContextAware.tsx(9,24): error TS2307: Cannot find module '@/components/ui/switch' or its corresponding type declarations.
src/emotion-platform/EmotionCapture.tsx(6,23): error TS2307: Cannot find module '@/components/ui/badge' or its corresponding type declarations.
src/emotion-platform/EmotionCapture.tsx(7,24): error TS2307: Cannot find module '@/components/ui/button' or its corresponding type declarations.
src/emotion-platform/EmotionCapture.tsx(8,58): error TS2307: Cannot find module '@/components/ui/card' or its corresponding type declarations.
src/emotion-platform/EmotionCapture.tsx(9,26): error TS2307: Cannot find module '@/components/ui/progress' or its corresponding type declarations.
src/emotion-platform/EmotionFeedback.tsx(6,23): error TS2307: Cannot find module '@/components/ui/badge' or its corresponding type declarations.
src/emotion-platform/EmotionFeedback.tsx(7,24): error TS2307: Cannot find module '@/components/ui/button' or its corresponding type declarations.
src/emotion-platform/EmotionFeedback.tsx(8,58): error TS2307: Cannot find module '@/components/ui/card' or its corresponding type declarations.
src/emotion-platform/EmotionFeedback.tsx(9,23): error TS2307: Cannot find module '@/components/ui/label' or its corresponding type declarations.
src/emotion-platform/EmotionFeedback.tsx(10,26): error TS2307: Cannot find module '@/components/ui/progress' or its corresponding type declarations.
src/emotion-platform/EmotionFeedback.tsx(11,24): error TS2307: Cannot find module '@/components/ui/slider' or its corresponding type declarations.
src/emotion-platform/EmotionFeedback.tsx(12,24): error TS2307: Cannot find module '@/components/ui/switch' or its corresponding type declarations.
src/emotion-platform/EmotionFeedback.tsx(267,33): error TS7006: Parameter 'checked' implicitly has an 'any' type.
src/emotion-platform/EmotionFeedback.tsx(275,32): error TS7031: Binding element 'value' implicitly has an 'any' type.
src/emotion-platform/EmotionFeedback.tsx(286,32): error TS7031: Binding element 'value' implicitly has an 'any' type.
src/emotion-platform/EmotionFeedback.tsx(297,33): error TS7006: Parameter 'checked' implicitly has an 'any' type.
src/emotion-platform/EmotionFeedback.tsx(317,33): error TS7006: Parameter 'checked' implicitly has an 'any' type.
src/emotion-platform/EmotionFeedback.tsx(325,32): error TS7031: Binding element 'value' implicitly has an 'any' type.
src/emotion-platform/EmotionFeedback.tsx(336,33): error TS7006: Parameter 'checked' implicitly has an 'any' type.
src/emotion-platform/EmotionFeedback.tsx(345,33): error TS7006: Parameter 'checked' implicitly has an 'any' type.
src/emotion-platform/EmotionFeedback.tsx(381,33): error TS7006: Parameter 'checked' implicitly has an 'any' type.
src/emotion-platform/EmotionFeedback.tsx(389,32): error TS7031: Binding element 'value' implicitly has an 'any' type.
src/emotion-platform/EmotionFeedback.tsx(435,33): error TS7006: Parameter 'checked' implicitly has an 'any' type.
src/emotion-platform/EmotionFeedback.tsx(443,33): error TS7006: Parameter 'checked' implicitly has an 'any' type.
src/emotion-platform/EmotionFeedback.tsx(451,33): error TS7006: Parameter 'checked' implicitly has an 'any' type.
src/emotion-platform/NaturalDialog.tsx(6,53): error TS2307: Cannot find module '@/components/ui/avatar' or its corresponding type declarations.
src/emotion-platform/NaturalDialog.tsx(7,23): error TS2307: Cannot find module '@/components/ui/badge' or its corresponding type declarations.
src/emotion-platform/NaturalDialog.tsx(8,24): error TS2307: Cannot find module '@/components/ui/button' or its corresponding type declarations.
src/emotion-platform/NaturalDialog.tsx(9,58): error TS2307: Cannot find module '@/components/ui/card' or its corresponding type declarations.
src/emotion-platform/NaturalDialog.tsx(10,23): error TS2307: Cannot find module '@/components/ui/input' or its corresponding type declarations.
src/emotion-platform/NaturalDialog.tsx(11,28): error TS2307: Cannot find module '@/components/ui/scroll-area' or its corresponding type declarations.
src/emotion-platform/NaturalDialog.tsx(312,26): error TS7006: Parameter 'e' implicitly has an 'any' type.
src/emotion-platform/NaturalDialog.tsx(314,28): error TS7006: Parameter 'e' implicitly has an 'any' type.
src/emotion-platform/PersonalityEngine.tsx(4,53): error TS2307: Cannot find module '@/components/ui/avatar' or its corresponding type declarations.
src/emotion-platform/PersonalityEngine.tsx(5,23): error TS2307: Cannot find module '@/components/ui/badge' or its corresponding type declarations.
src/emotion-platform/PersonalityEngine.tsx(6,24): error TS2307: Cannot find module '@/components/ui/button' or its corresponding type declarations.
src/emotion-platform/PersonalityEngine.tsx(7,58): error TS2307: Cannot find module '@/components/ui/card' or its corresponding type declarations.
src/emotion-platform/PersonalityEngine.tsx(8,26): error TS2307: Cannot find module '@/components/ui/progress' or its corresponding type declarations.
src/error-handling/comprehensive-error-system.tsx(6,24): error TS2307: Cannot find module '@/components/ui/button' or its corresponding type declarations.
src/error-handling/comprehensive-error-system.tsx(7,58): error TS2307: Cannot find module '@/components/ui/card' or its corresponding type declarations.
src/industries/finance/workflows/FinancialAnalysisWorkflow.ts(1,54): error TS2307: Cannot find module '@/src/core/cube/interfaces' or its corresponding type declarations.
src/modules/emotion-sound-platform/components.tsx(12,24): error TS2307: Cannot find module '@/components/ui/avatar' or its corresponding type declarations.
src/modules/emotion-sound-platform/components.tsx(13,29): error TS2307: Cannot find module '@/components/ui/brand-button' or its corresponding type declarations.
src/modules/emotion-sound-platform/components.tsx(14,27): error TS2307: Cannot find module '@/components/ui/brand-card' or its corresponding type declarations.
src/modules/emotion-sound-platform/components.tsx(15,41): error TS2307: Cannot find module '@/components/ui/card' or its corresponding type declarations.
src/modules/emotion-sound-platform/components.tsx(16,66): error TS2307: Cannot find module '@/components/ui/dialog' or its corresponding type declarations.
src/modules/emotion-sound-platform/components.tsx(17,23): error TS2307: Cannot find module '@/components/ui/label' or its corresponding type declarations.
src/modules/emotion-sound-platform/components.tsx(18,26): error TS2307: Cannot find module '@/components/ui/progress' or its corresponding type declarations.
src/modules/emotion-sound-platform/components.tsx(19,24): error TS2307: Cannot find module '@/components/ui/select' or its corresponding type declarations.
src/modules/emotion-sound-platform/components.tsx(20,27): error TS2307: Cannot find module '@/components/ui/separator' or its corresponding type declarations.
src/modules/emotion-sound-platform/components.tsx(21,24): error TS2307: Cannot find module '@/components/ui/slider' or its corresponding type declarations.
src/modules/emotion-sound-platform/components.tsx(22,24): error TS2307: Cannot find module '@/components/ui/switch' or its corresponding type declarations.
src/modules/emotion-sound-platform/components.tsx(23,25): error TS2307: Cannot find module '@/components/ui/tooltip' or its corresponding type declarations.
src/modules/emotion-sound-platform/components.tsx(88,27): error TS7006: Parameter 'value' implicitly has an 'any' type.
src/modules/emotion-sound-platform/components.tsx(131,33): error TS7006: Parameter 'value' implicitly has an 'any' type.
src/modules/emotion-sound-platform/components.tsx(807,29): error TS7006: Parameter 'value' implicitly has an 'any' type.
src/modules/emotion-sound-platform/components.tsx(826,31): error TS7006: Parameter 'value' implicitly has an 'any' type.
src/modules/emotion-sound-platform/components.tsx(845,31): error TS7006: Parameter 'value' implicitly has an 'any' type.
src/modules/emotion-sound-platform/components.tsx(864,31): error TS7006: Parameter 'value' implicitly has an 'any' type.
src/modules/emotion-sound-platform/components.tsx(934,32): error TS7031: Binding element 'value' implicitly has an 'any' type.
src/modules/emotion-sound-platform/components.tsx(947,32): error TS7031: Binding element 'value' implicitly has an 'any' type.
src/modules/emotion-sound-platform/components.tsx(957,33): error TS7006: Parameter 'checked' implicitly has an 'any' type.
src/modules/emotion-sound-platform/components.tsx(965,33): error TS7006: Parameter 'checked' implicitly has an 'any' type.
src/modules/emotion-sound-platform/components.tsx(973,33): error TS7006: Parameter 'checked' implicitly has an 'any' type.
src/modules/emotion-sound-platform/demo.tsx(6,42): error TS5097: An import path can only end with a '.tsx' extension when 'allowImportingTsExtensions' is enabled.
src/pages/emotion-sound.tsx(8,55): error TS5097: An import path can only end with a '.tsx' extension when 'allowImportingTsExtensions' is enabled.
src/performance/optimization-strategies.tsx(6,26): error TS2307: Cannot find module '@/components/ui/skeleton' or its corresponding type declarations.
src/performance/optimization-strategies.tsx(9,43): error TS2307: Cannot find module '@/src/emotion-platform/EmotionPlatform' or its corresponding type declarations.
src/performance/optimization-strategies.tsx(10,40): error TS2307: Cannot find module '@/src/visual-editor/VisualEditor' or its corresponding type declarations.
src/performance/optimization-strategies.tsx(11,43): error TS2307: Cannot find module '@/src/education/EducationModes' or its corresponding type declarations.
src/performance/optimization-strategies.tsx(26,41): error TS7006: Parameter 'config' implicitly has an 'any' type.
